TpTrace Verbose: 0 : 11064, 1, 2024/07/23, 20:27:04.690, 6889367934371, datacollector.dll, Version: 17.10.0-release-24203-04
TpTrace Information: 0 : 11064, 1, 2024/07/23, 20:27:04.699, 6889368026196, datacollector.dll, DataCollectorMain.Run: Starting data collector run with args: --port,59882,--parentprocessid,10544,--diag,C:\Users\PC\Desktop\SeleniumAdvanced\SumNumberPage\bin\Debug\net6.0\fine-code-coverage\coverage-tool-output\diagnostics.datacollector.24-07-23_20-27-04_48908_5.log,--tracelevel,4
TpTrace Information: 0 : 11064, 1, 2024/07/23, 20:27:04.699, 6889368028120, datacollector.dll, DataCollector: Monitoring parent process with id: '10544'
TpTrace Information: 0 : 11064, 1, 2024/07/23, 20:27:04.714, 6889368182408, datacollector.dll, Trying to connect to server on socket : 127.0.0.1:59882 
TpTrace Verbose: 0 : 11064, 1, 2024/07/23, 20:27:04.730, 6889368336663, datacollector.dll, SocketCommunicationManager : SetupClientAsync : Attempting to connect to the server.
TpTrace Information: 0 : 11064, 6, 2024/07/23, 20:27:04.744, 6889368484010, datacollector.dll, Connected to the server successfully 
TpTrace Information: 0 : 11064, 6, 2024/07/23, 20:27:04.745, 6889368486075, datacollector.dll, Using the buffer size of 16384 bytes
TpTrace Information: 0 : 11064, 1, 2024/07/23, 20:27:04.945, 6889370492449, datacollector.dll, DataCollector: Start Request Processing.
TpTrace Verbose: 0 : 11064, 1, 2024/07/23, 20:27:04.946, 6889370501606, datacollector.dll, SocketCommunicationManager.WaitForServerConnection took: 0 ms, with 90000 ms timeout, and finished with True.
TpTrace Information: 0 : 11064, 1, 2024/07/23, 20:27:04.949, 6889370532160, datacollector.dll, DataCollectionRequestHandler.ProcessRequests: Datacollector received message: (DataCollection.BeforeTestRunStart) -> {"MessageType":"DataCollection.BeforeTestRunStart","Payload":{"SettingsXml":"<RunSettings><RunConfiguration><ResultsDirectory>C:\\Users\\PC\\Desktop\\SeleniumAdvanced\\SumNumberPage\\bin\\Debug\\net6.0\\fine-code-coverage\\coverage-tool-output</ResultsDirectory><TargetPlatform>X64</TargetPlatform><TargetFrameworkVersion>.NETCoreApp,Version=v6.0</TargetFrameworkVersion><DesignMode>False</DesignMode><CollectSourceInformation>False</CollectSourceInformation><TestAdaptersPaths>C:\\Program Files\\dotnet\\sdk\\8.0.300\\Extensions</TestAdaptersPaths></RunConfiguration><LoggerRunSettings><Loggers><Logger friendlyName=\"blame\" enabled=\"True\" /><Logger friendlyName=\"Console\" uri=\"logger://microsoft/TestPlatform/ConsoleLogger/v1\" assemblyQualifiedName=\"Microsoft.VisualStudio.TestPlatform.CommandLine.Internal.ConsoleLogger, vstest.console, Version=15.0.0.0, Culture=neutral, PublicKeyToken=b03f5f7f11d50a3a\" codeBase=\"C:\\Program Files\\dotnet\\sdk\\8.0.300\\vstest.console.dll\" enabled=\"True\" /></Loggers></LoggerRunSettings><DataCollectionRunSettings><DataCollectors><DataCollector friendlyName=\"blame\" enabled=\"True\"><Configuration><ResultsDirectory>C:\\Users\\PC\\Desktop\\SeleniumAdvanced\\SumNumberPage\\bin\\Debug\\net6.0\\fine-code-coverage\\coverage-tool-output</ResultsDirectory></Configuration></DataCollector></DataCollectors></DataCollectionRunSettings></RunSettings>","Sources":["C:\\Users\\PC\\Desktop\\SeleniumAdvanced\\SumNumberPage\\bin\\Debug\\net6.0\\fine-code-coverage\\build-output\\SumNumberPage.dll"],"IsTelemetryOptedIn":false}}
TpTrace Verbose: 0 : 11064, 1, 2024/07/23, 20:27:05.043, 6889371471753, datacollector.dll, TestPluginCache: Update extensions started. Skip filter = False
TpTrace Verbose: 0 : 11064, 1, 2024/07/23, 20:27:05.045, 6889371484342, datacollector.dll, TestPluginCache: Using directories for assembly resolution 'C:\Program Files\dotnet\sdk\8.0.300\Extensions'.
TpTrace Verbose: 0 : 11064, 1, 2024/07/23, 20:27:05.045, 6889371485739, datacollector.dll, TestPluginCache: Updated the available extensions to 'C:\Program Files\dotnet\sdk\8.0.300\Extensions\Microsoft.TestPlatform.Extensions.BlameDataCollector.dll,C:\Program Files\dotnet\sdk\8.0.300\Extensions\Microsoft.TestPlatform.Extensions.EventLogCollector.dll'.
TpTrace Verbose: 0 : 11064, 1, 2024/07/23, 20:27:05.053, 6889371571523, datacollector.dll, TestPluginCache.DiscoverTestExtensions: finding test extensions in assemblies ends with: Collector.dll TPluginInfo: Microsoft.VisualStudio.TestPlatform.Common.DataCollector.DataCollectorConfig TExtension: Microsoft.VisualStudio.TestPlatform.ObjectModel.DataCollection.DataCollector
TpTrace Verbose: 0 : 11064, 1, 2024/07/23, 20:27:05.055, 6889371589916, datacollector.dll, TestPluginCache.GetExtensionPaths: Filtered extension paths: C:\Program Files\dotnet\sdk\8.0.300\Extensions\Microsoft.TestPlatform.Extensions.BlameDataCollector.dll
C:\Program Files\dotnet\sdk\8.0.300\Extensions\Microsoft.TestPlatform.Extensions.EventLogCollector.dll
TpTrace Verbose: 0 : 11064, 1, 2024/07/23, 20:27:05.055, 6889371591444, datacollector.dll, TestPluginCache.GetExtensionPaths: Added default extension paths: 
TpTrace Verbose: 0 : 11064, 1, 2024/07/23, 20:27:05.055, 6889371592198, datacollector.dll, TestPluginCache.GetExtensionPaths: Added unfilterableExtensionPaths: 
TpTrace Information: 0 : 11064, 1, 2024/07/23, 20:27:05.056, 6889371603126, datacollector.dll, AssemblyResolver.ctor: Creating AssemblyResolver with searchDirectories C:\Program Files\dotnet\sdk\8.0.300\Extensions,C:\Program Files\dotnet\sdk\8.0.300
TpTrace Verbose: 0 : 11064, 1, 2024/07/23, 20:27:05.058, 6889371622737, datacollector.dll, TestPluginCache.DiscoverTestExtensions: Discovering the extensions using extension path.
TpTrace Verbose: 0 : 11064, 1, 2024/07/23, 20:27:05.059, 6889371625825, datacollector.dll, TestPluginCache.GetExtensionPaths: Filtered extension paths: C:\Program Files\dotnet\sdk\8.0.300\Extensions\Microsoft.TestPlatform.Extensions.BlameDataCollector.dll
C:\Program Files\dotnet\sdk\8.0.300\Extensions\Microsoft.TestPlatform.Extensions.EventLogCollector.dll
TpTrace Verbose: 0 : 11064, 1, 2024/07/23, 20:27:05.059, 6889371626628, datacollector.dll, TestPluginCache.GetExtensionPaths: Added default extension paths: 
TpTrace Verbose: 0 : 11064, 1, 2024/07/23, 20:27:05.059, 6889371627490, datacollector.dll, TestPluginCache.GetExtensionPaths: Added unfilterableExtensionPaths: 
TpTrace Verbose: 0 : 11064, 1, 2024/07/23, 20:27:05.059, 6889371631984, datacollector.dll, TestPluginCache.DiscoverTestExtensions: Discovering the extensions using allExtensionPaths: C:\Program Files\dotnet\sdk\8.0.300\Extensions\Microsoft.TestPlatform.Extensions.BlameDataCollector.dll
C:\Program Files\dotnet\sdk\8.0.300\Extensions\Microsoft.TestPlatform.Extensions.EventLogCollector.dll
TpTrace Information: 0 : 11064, 1, 2024/07/23, 20:27:05.060, 6889371635849, datacollector.dll, AssemblyResolver.AddSearchDirectories: Adding more searchDirectories C:\Program Files\dotnet\sdk\8.0.300\Extensions,C:\Program Files\dotnet\sdk\8.0.300
TpTrace Information: 0 : 11064, 1, 2024/07/23, 20:27:05.060, 6889371638004, datacollector.dll, AssemblyResolver.AddSearchDirectories: Adding more searchDirectories C:\Program Files\dotnet\sdk\8.0.300\Extensions,C:\Program Files\dotnet\sdk\8.0.300
TpTrace Information: 0 : 11064, 1, 2024/07/23, 20:27:05.061, 6889371652897, datacollector.dll, AssemblyResolver.OnResolve: Microsoft.TestPlatform.Extensions.BlameDataCollector: Resolving assembly.
TpTrace Information: 0 : 11064, 1, 2024/07/23, 20:27:05.062, 6889371655892, datacollector.dll, AssemblyResolver.OnResolve: Microsoft.TestPlatform.Extensions.BlameDataCollector: Searching in: 'C:\Program Files\dotnet\sdk\8.0.300\Extensions'.
TpTrace Information: 0 : 11064, 1, 2024/07/23, 20:27:05.078, 6889371823781, datacollector.dll, AssemblyResolver.OnResolve: Microsoft.TestPlatform.Extensions.BlameDataCollector: Loading assembly 'C:\Program Files\dotnet\sdk\8.0.300\Extensions\Microsoft.TestPlatform.Extensions.BlameDataCollector.dll'.
TpTrace Information: 0 : 11064, 1, 2024/07/23, 20:27:05.080, 6889371835040, datacollector.dll, AssemblyResolver.OnResolve: Resolved assembly: Microsoft.TestPlatform.Extensions.BlameDataCollector, from path: C:\Program Files\dotnet\sdk\8.0.300\Extensions\Microsoft.TestPlatform.Extensions.BlameDataCollector.dll
TpTrace Verbose: 0 : 11064, 1, 2024/07/23, 20:27:05.088, 6889371919259, datacollector.dll, MetadataReaderExtensionsHelper: Discovering extensions inside assembly 'Microsoft.TestPlatform.Extensions.BlameDataCollector, Version=15.0.0.0, Culture=neutral, PublicKeyToken=b03f5f7f11d50a3a' file path 'C:\Program Files\dotnet\sdk\8.0.300\Extensions\Microsoft.TestPlatform.Extensions.BlameDataCollector.dll'
TpTrace Error: 0 : 11064, 1, 2024/07/23, 20:27:05.093, 6889371965629, datacollector.dll, The type "Microsoft.TestPlatform.Extensions.BlameDataCollector.BlameCollector" defined in "Microsoft.TestPlatform.Extensions.BlameDataCollector.dll" does not have ExtensionUri attribute.
TpTrace Information: 0 : 11064, 1, 2024/07/23, 20:27:05.097, 6889372004543, datacollector.dll, GetTestExtensionFromType: Register extension with identifier data 'datacollector://microsoft/TestPlatform/Extensions/Blame/v1' and type 'Microsoft.TestPlatform.Extensions.BlameDataCollector.BlameCollector, Microsoft.TestPlatform.Extensions.BlameDataCollector, Version=15.0.0.0, Culture=neutral, PublicKeyToken=b03f5f7f11d50a3a' inside file 'C:\Program Files\dotnet\sdk\8.0.300\Extensions\Microsoft.TestPlatform.Extensions.BlameDataCollector.dll'
TpTrace Information: 0 : 11064, 1, 2024/07/23, 20:27:05.097, 6889372006907, datacollector.dll, AssemblyResolver.OnResolve: Microsoft.TestPlatform.Extensions.EventLogCollector: Resolving assembly.
TpTrace Information: 0 : 11064, 1, 2024/07/23, 20:27:05.097, 6889372007671, datacollector.dll, AssemblyResolver.OnResolve: Microsoft.TestPlatform.Extensions.EventLogCollector: Searching in: 'C:\Program Files\dotnet\sdk\8.0.300\Extensions'.
TpTrace Information: 0 : 11064, 1, 2024/07/23, 20:27:05.098, 6889372016552, datacollector.dll, AssemblyResolver.OnResolve: Microsoft.TestPlatform.Extensions.EventLogCollector: Loading assembly 'C:\Program Files\dotnet\sdk\8.0.300\Extensions\Microsoft.TestPlatform.Extensions.EventLogCollector.dll'.
TpTrace Information: 0 : 11064, 1, 2024/07/23, 20:27:05.099, 6889372028202, datacollector.dll, AssemblyResolver.OnResolve: Resolved assembly: Microsoft.TestPlatform.Extensions.EventLogCollector, from path: C:\Program Files\dotnet\sdk\8.0.300\Extensions\Microsoft.TestPlatform.Extensions.EventLogCollector.dll
TpTrace Verbose: 0 : 11064, 1, 2024/07/23, 20:27:05.099, 6889372030706, datacollector.dll, MetadataReaderExtensionsHelper: Discovering extensions inside assembly 'Microsoft.TestPlatform.Extensions.EventLogCollector, Version=15.0.0.0, Culture=neutral, PublicKeyToken=b03f5f7f11d50a3a' file path 'C:\Program Files\dotnet\sdk\8.0.300\Extensions\Microsoft.TestPlatform.Extensions.EventLogCollector.dll'
TpTrace Error: 0 : 11064, 1, 2024/07/23, 20:27:05.104, 6889372079741, datacollector.dll, The type "Microsoft.TestPlatform.Extensions.EventLogCollector.EventLogDataCollector" defined in "Microsoft.TestPlatform.Extensions.EventLogCollector.dll" does not have ExtensionUri attribute.
TpTrace Information: 0 : 11064, 1, 2024/07/23, 20:27:05.104, 6889372083399, datacollector.dll, GetTestExtensionFromType: Register extension with identifier data 'datacollector://microsoft/EventLog/2.0' and type 'Microsoft.TestPlatform.Extensions.EventLogCollector.EventLogDataCollector, Microsoft.TestPlatform.Extensions.EventLogCollector, Version=15.0.0.0, Culture=neutral, PublicKeyToken=b03f5f7f11d50a3a' inside file 'C:\Program Files\dotnet\sdk\8.0.300\Extensions\Microsoft.TestPlatform.Extensions.EventLogCollector.dll'
TpTrace Verbose: 0 : 11064, 1, 2024/07/23, 20:27:05.105, 6889372086763, datacollector.dll, TestPluginCache: Discovered the extensions using extension path 'C:\Program Files\dotnet\sdk\8.0.300\Extensions\Microsoft.TestPlatform.Extensions.BlameDataCollector.dll,C:\Program Files\dotnet\sdk\8.0.300\Extensions\Microsoft.TestPlatform.Extensions.EventLogCollector.dll'.
TpTrace Verbose: 0 : 11064, 1, 2024/07/23, 20:27:05.105, 6889372087684, datacollector.dll, TestPluginCache: Discoverers are ''.
TpTrace Verbose: 0 : 11064, 1, 2024/07/23, 20:27:05.105, 6889372088299, datacollector.dll, TestPluginCache: Executors are ''.
TpTrace Verbose: 0 : 11064, 1, 2024/07/23, 20:27:05.105, 6889372089087, datacollector.dll, TestPluginCache: Executors2 are ''.
TpTrace Verbose: 0 : 11064, 1, 2024/07/23, 20:27:05.105, 6889372089711, datacollector.dll, TestPluginCache: Setting providers are ''.
TpTrace Verbose: 0 : 11064, 1, 2024/07/23, 20:27:05.105, 6889372090468, datacollector.dll, TestPluginCache: Loggers are ''.
TpTrace Verbose: 0 : 11064, 1, 2024/07/23, 20:27:05.105, 6889372091045, datacollector.dll, TestPluginCache: TestHosts are ''.
TpTrace Verbose: 0 : 11064, 1, 2024/07/23, 20:27:05.106, 6889372094307, datacollector.dll, TestPluginCache: DataCollectors are 'datacollector://microsoft/TestPlatform/Extensions/Blame/v1,datacollector://microsoft/EventLog/2.0'.
TpTrace Information: 0 : 11064, 1, 2024/07/23, 20:27:05.108, 6889372119908, datacollector.dll, TestPluginManager.CreateTestExtension: Attempting to load test extension: Microsoft.TestPlatform.Extensions.BlameDataCollector.BlameCollector
TpTrace Information: 0 : 11064, 1, 2024/07/23, 20:27:05.117, 6889372211821, datacollector.dll, [MonitorPostmortemDump]Monitor enabled: 'False'
TpTrace Verbose: 0 : 11064, 1, 2024/07/23, 20:27:05.119, 6889372228554, datacollector.dll, MulticastDelegateUtilities.SafeInvoke: DataCollectionEvents.SessionStart: Invoking callbacks was skipped because there are no subscribers.
TpTrace Information: 0 : 11064, 1, 2024/07/23, 20:27:05.120, 6889372239332, datacollector.dll, Listening on Endpoint : 127.0.0.1:59884
TpTrace Information: 0 : 11064, 1, 2024/07/23, 20:27:05.135, 6889372391877, datacollector.dll, DataCollectionRequestHandler.ProcessRequests : DataCollection started.
TpTrace Information: 0 : 11064, 1, 2024/07/23, 20:27:05.158, 6889372620656, datacollector.dll, DataCollectionRequestHandler.ProcessRequests: Datacollector received message: (DataCollection.TestHostLaunched) -> {"MessageType":"DataCollection.TestHostLaunched","Payload":{"ProcessId":2960}}
TpTrace Verbose: 0 : 11064, 1, 2024/07/23, 20:27:05.162, 6889372658140, datacollector.dll, MulticastDelegateUtilities.SafeInvoke: DataCollectionEvents.TestHostLaunched: Invoking callback 1/1 for Microsoft.TestPlatform.Extensions.BlameDataCollector.BlameCollector., took 0 ms.
TpTrace Information: 0 : 11064, 8, 2024/07/23, 20:27:05.470, 6889375737411, datacollector.dll, Using the buffer size of 16384 bytes
TpTrace Verbose: 0 : 11064, 6, 2024/07/23, 20:27:05.470, 6889375737705, datacollector.dll, SocketCommunicationManager.WaitForClientConnection took: 343 ms, with 90000 ms timeout, and finished with True.
TpTrace Information: 0 : 11064, 8, 2024/07/23, 20:27:05.470, 6889375739216, datacollector.dll, Accepted Client request and set the flag
TpTrace Information: 0 : 11064, 6, 2024/07/23, 20:27:06.866, 6889389702397, datacollector.dll, DataCollectionTestCaseEventHandler: Test case starting.
TpTrace Information: 0 : 11064, 6, 2024/07/23, 20:27:06.891, 6889389946661, datacollector.dll, BlameCollector.EventsTestCaseStart: Test Case Start
TpTrace Verbose: 0 : 11064, 6, 2024/07/23, 20:27:06.891, 6889389950884, datacollector.dll, MulticastDelegateUtilities.SafeInvoke: DataCollectionEvents.TestCaseStart: Invoking callback 1/1 for Microsoft.TestPlatform.Extensions.BlameDataCollector.BlameCollector., took 0 ms.
TpTrace Information: 0 : 11064, 6, 2024/07/23, 20:27:06.892, 6889389955078, datacollector.dll, DataCollectionTestCaseEventHandler: Test case 'Test_AddTwoNumbers_Invalid - 89af71bc-e833-4407-57c5-8d114773f306' started.
TpTrace Information: 0 : 11064, 6, 2024/07/23, 20:27:13.501, 6889456052220, datacollector.dll, DataCollectionTestCaseEventHandler: Test case completing.
TpTrace Information: 0 : 11064, 6, 2024/07/23, 20:27:13.510, 6889456142738, datacollector.dll, BlameCollector.EventsTestCaseEnd: Test Case End
TpTrace Verbose: 0 : 11064, 6, 2024/07/23, 20:27:13.511, 6889456147184, datacollector.dll, MulticastDelegateUtilities.SafeInvoke: DataCollectionEvents.TestCaseEnd: Invoking callback 1/1 for Microsoft.TestPlatform.Extensions.BlameDataCollector.BlameCollector., took 0 ms.
TpTrace Information: 0 : 11064, 6, 2024/07/23, 20:27:13.515, 6889456191961, datacollector.dll, DataCollectionTestCaseEventHandler: Test case 'Test_AddTwoNumbers_Invalid - 89af71bc-e833-4407-57c5-8d114773f306' completed
TpTrace Information: 0 : 11064, 6, 2024/07/23, 20:27:13.566, 6889456697339, datacollector.dll, DataCollectionTestCaseEventHandler: Test case starting.
TpTrace Information: 0 : 11064, 6, 2024/07/23, 20:27:13.570, 6889456735995, datacollector.dll, BlameCollector.EventsTestCaseStart: Test Case Start
TpTrace Verbose: 0 : 11064, 6, 2024/07/23, 20:27:13.570, 6889456739237, datacollector.dll, MulticastDelegateUtilities.SafeInvoke: DataCollectionEvents.TestCaseStart: Invoking callback 1/1 for Microsoft.TestPlatform.Extensions.BlameDataCollector.BlameCollector., took 0 ms.
TpTrace Information: 0 : 11064, 6, 2024/07/23, 20:27:13.570, 6889456742861, datacollector.dll, DataCollectionTestCaseEventHandler: Test case 'Test_AddTwoNumbers_Reset - a0f7c5fe-3788-bb35-b1ff-5da98ca3a398' started.
TpTrace Information: 0 : 11064, 6, 2024/07/23, 20:27:20.333, 6889524369255, datacollector.dll, DataCollectionTestCaseEventHandler: Test case completing.
TpTrace Information: 0 : 11064, 6, 2024/07/23, 20:27:20.334, 6889524382400, datacollector.dll, BlameCollector.EventsTestCaseEnd: Test Case End
TpTrace Verbose: 0 : 11064, 6, 2024/07/23, 20:27:20.335, 6889524384213, datacollector.dll, MulticastDelegateUtilities.SafeInvoke: DataCollectionEvents.TestCaseEnd: Invoking callback 1/1 for Microsoft.TestPlatform.Extensions.BlameDataCollector.BlameCollector., took 0 ms.
TpTrace Information: 0 : 11064, 6, 2024/07/23, 20:27:20.335, 6889524387873, datacollector.dll, DataCollectionTestCaseEventHandler: Test case 'Test_AddTwoNumbers_Reset - a0f7c5fe-3788-bb35-b1ff-5da98ca3a398' completed
TpTrace Information: 0 : 11064, 6, 2024/07/23, 20:27:20.338, 6889524417611, datacollector.dll, DataCollectionTestCaseEventHandler: Test case starting.
TpTrace Information: 0 : 11064, 6, 2024/07/23, 20:27:20.339, 6889524426514, datacollector.dll, BlameCollector.EventsTestCaseStart: Test Case Start
TpTrace Verbose: 0 : 11064, 6, 2024/07/23, 20:27:20.339, 6889524428770, datacollector.dll, MulticastDelegateUtilities.SafeInvoke: DataCollectionEvents.TestCaseStart: Invoking callback 1/1 for Microsoft.TestPlatform.Extensions.BlameDataCollector.BlameCollector., took 0 ms.
TpTrace Information: 0 : 11064, 6, 2024/07/23, 20:27:20.339, 6889524431646, datacollector.dll, DataCollectionTestCaseEventHandler: Test case 'Test_Valid_Numbers - f2bee6ef-7bdd-9b47-2c73-d44e4af0b206' started.
TpTrace Information: 0 : 11064, 6, 2024/07/23, 20:27:27.211, 6889593147398, datacollector.dll, DataCollectionTestCaseEventHandler: Test case completing.
TpTrace Information: 0 : 11064, 6, 2024/07/23, 20:27:27.212, 6889593155705, datacollector.dll, BlameCollector.EventsTestCaseEnd: Test Case End
TpTrace Verbose: 0 : 11064, 6, 2024/07/23, 20:27:27.212, 6889593157490, datacollector.dll, MulticastDelegateUtilities.SafeInvoke: DataCollectionEvents.TestCaseEnd: Invoking callback 1/1 for Microsoft.TestPlatform.Extensions.BlameDataCollector.BlameCollector., took 0 ms.
TpTrace Information: 0 : 11064, 6, 2024/07/23, 20:27:27.212, 6889593160651, datacollector.dll, DataCollectionTestCaseEventHandler: Test case 'Test_Valid_Numbers - f2bee6ef-7bdd-9b47-2c73-d44e4af0b206' completed
TpTrace Information: 0 : 11064, 6, 2024/07/23, 20:27:27.247, 6889593510216, datacollector.dll, DataCollectionTestCaseEventHandler: Test session ended
TpTrace Information: 0 : 11064, 1, 2024/07/23, 20:27:27.316, 6889594203694, datacollector.dll, DataCollectionRequestHandler.ProcessRequests: Datacollector received message: (DataCollection.AfterTestRunEnd) -> {"MessageType":"DataCollection.AfterTestRunEnd","Payload":false}
TpTrace Information: 0 : 11064, 1, 2024/07/23, 20:27:27.318, 6889594216974, datacollector.dll, Blame Collector: Session End
TpTrace Information: 0 : 11064, 1, 2024/07/23, 20:27:27.318, 6889594218380, datacollector.dll, BlameCollector.CollectDumpAndAbortTesthost: Custom path to dump directory was provided via VSTEST_DUMP_PATH. Skipping attachment upload, the caller is responsible for collecting and uploading the dumps themselves.
TpTrace Verbose: 0 : 11064, 1, 2024/07/23, 20:27:27.318, 6889594219617, datacollector.dll, MulticastDelegateUtilities.SafeInvoke: DataCollectionEvents.SessionEnd: Invoking callback 1/1 for Microsoft.TestPlatform.Extensions.BlameDataCollector.BlameCollector., took 0 ms.
TpTrace Information: 0 : 11064, 1, 2024/07/23, 20:27:27.319, 6889594227219, datacollector.dll, DataCollectionManager.CleanupPlugins: CleanupPlugins called
TpTrace Verbose: 0 : 11064, 1, 2024/07/23, 20:27:27.319, 6889594227999, datacollector.dll, DataCollectionManager.CleanupPlugins: Cleaning up 1 plugins
TpTrace Verbose: 0 : 11064, 1, 2024/07/23, 20:27:27.319, 6889594229403, datacollector.dll, dataCollectorInfo.DisposeDataCollector: calling Dispose() on Microsoft.TestPlatform.Extensions.BlameDataCollector.BlameCollector
TpTrace Information: 0 : 11064, 1, 2024/07/23, 20:27:27.319, 6889594230500, datacollector.dll, DataCollectionManager.CleanupPlugins: CleanupPlugins finished
TpTrace Information: 0 : 11064, 1, 2024/07/23, 20:27:27.324, 6889594283255, datacollector.dll, DataCollectionRequestHandler.ProcessRequests : Session End message received from server. Closing the connection.
TpTrace Information: 0 : 11064, 1, 2024/07/23, 20:27:27.325, 6889594286842, datacollector.dll, Closing the connection !
TpTrace Information: 0 : 11064, 1, 2024/07/23, 20:27:27.325, 6889594287599, datacollector.dll, DataCollectionRequestHandler.ProcessRequests : DataCollection completed
TpTrace Information: 0 : 11064, 1, 2024/07/23, 20:27:27.325, 6889594288160, datacollector.dll, Program.Main: exiting datacollector process.
