TpTrace Verbose: 0 : 10568, 1, 2024/07/29, 12:17:19.425, 11779801942128, datacollector.dll, Version: 17.10.0-release-24203-04
TpTrace Information: 0 : 10568, 1, 2024/07/29, 12:17:19.441, 11779802106506, datacollector.dll, DataCollectorMain.Run: Starting data collector run with args: --port,63738,--parentprocessid,17500,--diag,C:\Users\PC\Desktop\ExerciseSeleniumPOM\SwagLabsPOM\bin\Debug\net6.0\fine-code-coverage\coverage-tool-output\diagnostics.datacollector.24-07-29_12-17-19_06109_5.log,--tracelevel,4
TpTrace Information: 0 : 10568, 1, 2024/07/29, 12:17:19.441, 11779802109505, datacollector.dll, DataCollector: Monitoring parent process with id: '17500'
TpTrace Information: 0 : 10568, 1, 2024/07/29, 12:17:19.459, 11779802281281, datacollector.dll, Trying to connect to server on socket : 127.0.0.1:63738 
TpTrace Verbose: 0 : 10568, 1, 2024/07/29, 12:17:19.482, 11779802514536, datacollector.dll, SocketCommunicationManager : SetupClientAsync : Attempting to connect to the server.
TpTrace Information: 0 : 10568, 6, 2024/07/29, 12:17:19.507, 11779802763157, datacollector.dll, Connected to the server successfully 
TpTrace Information: 0 : 10568, 6, 2024/07/29, 12:17:19.507, 11779802765519, datacollector.dll, Using the buffer size of 16384 bytes
TpTrace Information: 0 : 10568, 1, 2024/07/29, 12:17:19.675, 11779804442796, datacollector.dll, DataCollector: Start Request Processing.
TpTrace Verbose: 0 : 10568, 1, 2024/07/29, 12:17:19.675, 11779804446936, datacollector.dll, SocketCommunicationManager.WaitForServerConnection took: 0 ms, with 90000 ms timeout, and finished with True.
TpTrace Information: 0 : 10568, 1, 2024/07/29, 12:17:19.676, 11779804454318, datacollector.dll, DataCollectionRequestHandler.ProcessRequests: Datacollector received message: (DataCollection.BeforeTestRunStart) -> {"MessageType":"DataCollection.BeforeTestRunStart","Payload":{"SettingsXml":"<RunSettings><RunConfiguration><ResultsDirectory>C:\\Users\\PC\\Desktop\\ExerciseSeleniumPOM\\SwagLabsPOM\\bin\\Debug\\net6.0\\fine-code-coverage\\coverage-tool-output</ResultsDirectory><TargetPlatform>X64</TargetPlatform><TargetFrameworkVersion>.NETCoreApp,Version=v6.0</TargetFrameworkVersion><DesignMode>False</DesignMode><CollectSourceInformation>False</CollectSourceInformation><TestAdaptersPaths>C:\\Program Files\\dotnet\\sdk\\8.0.300\\Extensions</TestAdaptersPaths></RunConfiguration><LoggerRunSettings><Loggers><Logger friendlyName=\"blame\" enabled=\"True\" /><Logger friendlyName=\"Console\" uri=\"logger://microsoft/TestPlatform/ConsoleLogger/v1\" assemblyQualifiedName=\"Microsoft.VisualStudio.TestPlatform.CommandLine.Internal.ConsoleLogger, vstest.console, Version=15.0.0.0, Culture=neutral, PublicKeyToken=b03f5f7f11d50a3a\" codeBase=\"C:\\Program Files\\dotnet\\sdk\\8.0.300\\vstest.console.dll\" enabled=\"True\" /></Loggers></LoggerRunSettings><DataCollectionRunSettings><DataCollectors><DataCollector friendlyName=\"blame\" enabled=\"True\"><Configuration><ResultsDirectory>C:\\Users\\PC\\Desktop\\ExerciseSeleniumPOM\\SwagLabsPOM\\bin\\Debug\\net6.0\\fine-code-coverage\\coverage-tool-output</ResultsDirectory></Configuration></DataCollector></DataCollectors></DataCollectionRunSettings></RunSettings>","Sources":["C:\\Users\\PC\\Desktop\\ExerciseSeleniumPOM\\SwagLabsPOM\\bin\\Debug\\net6.0\\fine-code-coverage\\build-output\\SwagLabsPOM.dll"],"IsTelemetryOptedIn":false}}
TpTrace Verbose: 0 : 10568, 1, 2024/07/29, 12:17:19.761, 11779805307262, datacollector.dll, TestPluginCache: Update extensions started. Skip filter = False
TpTrace Verbose: 0 : 10568, 1, 2024/07/29, 12:17:19.762, 11779805318174, datacollector.dll, TestPluginCache: Using directories for assembly resolution 'C:\Program Files\dotnet\sdk\8.0.300\Extensions'.
TpTrace Verbose: 0 : 10568, 1, 2024/07/29, 12:17:19.762, 11779805319392, datacollector.dll, TestPluginCache: Updated the available extensions to 'C:\Program Files\dotnet\sdk\8.0.300\Extensions\Microsoft.TestPlatform.Extensions.BlameDataCollector.dll,C:\Program Files\dotnet\sdk\8.0.300\Extensions\Microsoft.TestPlatform.Extensions.EventLogCollector.dll'.
TpTrace Verbose: 0 : 10568, 1, 2024/07/29, 12:17:19.775, 11779805447825, datacollector.dll, TestPluginCache.DiscoverTestExtensions: finding test extensions in assemblies ends with: Collector.dll TPluginInfo: Microsoft.VisualStudio.TestPlatform.Common.DataCollector.DataCollectorConfig TExtension: Microsoft.VisualStudio.TestPlatform.ObjectModel.DataCollection.DataCollector
TpTrace Verbose: 0 : 10568, 1, 2024/07/29, 12:17:19.780, 11779805491068, datacollector.dll, TestPluginCache.GetExtensionPaths: Filtered extension paths: C:\Program Files\dotnet\sdk\8.0.300\Extensions\Microsoft.TestPlatform.Extensions.BlameDataCollector.dll
C:\Program Files\dotnet\sdk\8.0.300\Extensions\Microsoft.TestPlatform.Extensions.EventLogCollector.dll
TpTrace Verbose: 0 : 10568, 1, 2024/07/29, 12:17:19.780, 11779805493215, datacollector.dll, TestPluginCache.GetExtensionPaths: Added default extension paths: 
TpTrace Verbose: 0 : 10568, 1, 2024/07/29, 12:17:19.780, 11779805494372, datacollector.dll, TestPluginCache.GetExtensionPaths: Added unfilterableExtensionPaths: 
TpTrace Information: 0 : 10568, 1, 2024/07/29, 12:17:19.781, 11779805507938, datacollector.dll, AssemblyResolver.ctor: Creating AssemblyResolver with searchDirectories C:\Program Files\dotnet\sdk\8.0.300\Extensions,C:\Program Files\dotnet\sdk\8.0.300
TpTrace Verbose: 0 : 10568, 1, 2024/07/29, 12:17:19.784, 11779805537122, datacollector.dll, TestPluginCache.DiscoverTestExtensions: Discovering the extensions using extension path.
TpTrace Verbose: 0 : 10568, 1, 2024/07/29, 12:17:19.785, 11779805541666, datacollector.dll, TestPluginCache.GetExtensionPaths: Filtered extension paths: C:\Program Files\dotnet\sdk\8.0.300\Extensions\Microsoft.TestPlatform.Extensions.BlameDataCollector.dll
C:\Program Files\dotnet\sdk\8.0.300\Extensions\Microsoft.TestPlatform.Extensions.EventLogCollector.dll
TpTrace Verbose: 0 : 10568, 1, 2024/07/29, 12:17:19.785, 11779805543285, datacollector.dll, TestPluginCache.GetExtensionPaths: Added default extension paths: 
TpTrace Verbose: 0 : 10568, 1, 2024/07/29, 12:17:19.785, 11779805544505, datacollector.dll, TestPluginCache.GetExtensionPaths: Added unfilterableExtensionPaths: 
TpTrace Verbose: 0 : 10568, 1, 2024/07/29, 12:17:19.785, 11779805546209, datacollector.dll, TestPluginCache.DiscoverTestExtensions: Discovering the extensions using allExtensionPaths: C:\Program Files\dotnet\sdk\8.0.300\Extensions\Microsoft.TestPlatform.Extensions.BlameDataCollector.dll
C:\Program Files\dotnet\sdk\8.0.300\Extensions\Microsoft.TestPlatform.Extensions.EventLogCollector.dll
TpTrace Information: 0 : 10568, 1, 2024/07/29, 12:17:19.786, 11779805552458, datacollector.dll, AssemblyResolver.AddSearchDirectories: Adding more searchDirectories C:\Program Files\dotnet\sdk\8.0.300\Extensions,C:\Program Files\dotnet\sdk\8.0.300
TpTrace Information: 0 : 10568, 1, 2024/07/29, 12:17:19.786, 11779805555309, datacollector.dll, AssemblyResolver.AddSearchDirectories: Adding more searchDirectories C:\Program Files\dotnet\sdk\8.0.300\Extensions,C:\Program Files\dotnet\sdk\8.0.300
TpTrace Information: 0 : 10568, 1, 2024/07/29, 12:17:19.787, 11779805565698, datacollector.dll, AssemblyResolver.OnResolve: Microsoft.TestPlatform.Extensions.BlameDataCollector: Resolving assembly.
TpTrace Information: 0 : 10568, 1, 2024/07/29, 12:17:19.787, 11779805568134, datacollector.dll, AssemblyResolver.OnResolve: Microsoft.TestPlatform.Extensions.BlameDataCollector: Searching in: 'C:\Program Files\dotnet\sdk\8.0.300\Extensions'.
TpTrace Information: 0 : 10568, 1, 2024/07/29, 12:17:19.803, 11779805728389, datacollector.dll, AssemblyResolver.OnResolve: Microsoft.TestPlatform.Extensions.BlameDataCollector: Loading assembly 'C:\Program Files\dotnet\sdk\8.0.300\Extensions\Microsoft.TestPlatform.Extensions.BlameDataCollector.dll'.
TpTrace Information: 0 : 10568, 1, 2024/07/29, 12:17:19.804, 11779805740011, datacollector.dll, AssemblyResolver.OnResolve: Resolved assembly: Microsoft.TestPlatform.Extensions.BlameDataCollector, from path: C:\Program Files\dotnet\sdk\8.0.300\Extensions\Microsoft.TestPlatform.Extensions.BlameDataCollector.dll
TpTrace Verbose: 0 : 10568, 1, 2024/07/29, 12:17:19.812, 11779805814685, datacollector.dll, MetadataReaderExtensionsHelper: Discovering extensions inside assembly 'Microsoft.TestPlatform.Extensions.BlameDataCollector, Version=15.0.0.0, Culture=neutral, PublicKeyToken=b03f5f7f11d50a3a' file path 'C:\Program Files\dotnet\sdk\8.0.300\Extensions\Microsoft.TestPlatform.Extensions.BlameDataCollector.dll'
TpTrace Error: 0 : 10568, 1, 2024/07/29, 12:17:19.818, 11779805876065, datacollector.dll, The type "Microsoft.TestPlatform.Extensions.BlameDataCollector.BlameCollector" defined in "Microsoft.TestPlatform.Extensions.BlameDataCollector.dll" does not have ExtensionUri attribute.
TpTrace Information: 0 : 10568, 1, 2024/07/29, 12:17:19.824, 11779805932627, datacollector.dll, GetTestExtensionFromType: Register extension with identifier data 'datacollector://microsoft/TestPlatform/Extensions/Blame/v1' and type 'Microsoft.TestPlatform.Extensions.BlameDataCollector.BlameCollector, Microsoft.TestPlatform.Extensions.BlameDataCollector, Version=15.0.0.0, Culture=neutral, PublicKeyToken=b03f5f7f11d50a3a' inside file 'C:\Program Files\dotnet\sdk\8.0.300\Extensions\Microsoft.TestPlatform.Extensions.BlameDataCollector.dll'
TpTrace Information: 0 : 10568, 1, 2024/07/29, 12:17:19.824, 11779805935313, datacollector.dll, AssemblyResolver.OnResolve: Microsoft.TestPlatform.Extensions.EventLogCollector: Resolving assembly.
TpTrace Information: 0 : 10568, 1, 2024/07/29, 12:17:19.824, 11779805936315, datacollector.dll, AssemblyResolver.OnResolve: Microsoft.TestPlatform.Extensions.EventLogCollector: Searching in: 'C:\Program Files\dotnet\sdk\8.0.300\Extensions'.
TpTrace Information: 0 : 10568, 1, 2024/07/29, 12:17:19.825, 11779805944871, datacollector.dll, AssemblyResolver.OnResolve: Microsoft.TestPlatform.Extensions.EventLogCollector: Loading assembly 'C:\Program Files\dotnet\sdk\8.0.300\Extensions\Microsoft.TestPlatform.Extensions.EventLogCollector.dll'.
TpTrace Information: 0 : 10568, 1, 2024/07/29, 12:17:19.826, 11779805956636, datacollector.dll, AssemblyResolver.OnResolve: Resolved assembly: Microsoft.TestPlatform.Extensions.EventLogCollector, from path: C:\Program Files\dotnet\sdk\8.0.300\Extensions\Microsoft.TestPlatform.Extensions.EventLogCollector.dll
TpTrace Verbose: 0 : 10568, 1, 2024/07/29, 12:17:19.827, 11779805966350, datacollector.dll, MetadataReaderExtensionsHelper: Discovering extensions inside assembly 'Microsoft.TestPlatform.Extensions.EventLogCollector, Version=15.0.0.0, Culture=neutral, PublicKeyToken=b03f5f7f11d50a3a' file path 'C:\Program Files\dotnet\sdk\8.0.300\Extensions\Microsoft.TestPlatform.Extensions.EventLogCollector.dll'
TpTrace Error: 0 : 10568, 1, 2024/07/29, 12:17:19.833, 11779806029490, datacollector.dll, The type "Microsoft.TestPlatform.Extensions.EventLogCollector.EventLogDataCollector" defined in "Microsoft.TestPlatform.Extensions.EventLogCollector.dll" does not have ExtensionUri attribute.
TpTrace Information: 0 : 10568, 1, 2024/07/29, 12:17:19.834, 11779806034779, datacollector.dll, GetTestExtensionFromType: Register extension with identifier data 'datacollector://microsoft/EventLog/2.0' and type 'Microsoft.TestPlatform.Extensions.EventLogCollector.EventLogDataCollector, Microsoft.TestPlatform.Extensions.EventLogCollector, Version=15.0.0.0, Culture=neutral, PublicKeyToken=b03f5f7f11d50a3a' inside file 'C:\Program Files\dotnet\sdk\8.0.300\Extensions\Microsoft.TestPlatform.Extensions.EventLogCollector.dll'
TpTrace Verbose: 0 : 10568, 1, 2024/07/29, 12:17:19.834, 11779806040988, datacollector.dll, TestPluginCache: Discovered the extensions using extension path 'C:\Program Files\dotnet\sdk\8.0.300\Extensions\Microsoft.TestPlatform.Extensions.BlameDataCollector.dll,C:\Program Files\dotnet\sdk\8.0.300\Extensions\Microsoft.TestPlatform.Extensions.EventLogCollector.dll'.
TpTrace Verbose: 0 : 10568, 1, 2024/07/29, 12:17:19.835, 11779806042986, datacollector.dll, TestPluginCache: Discoverers are ''.
TpTrace Verbose: 0 : 10568, 1, 2024/07/29, 12:17:19.835, 11779806044396, datacollector.dll, TestPluginCache: Executors are ''.
TpTrace Verbose: 0 : 10568, 1, 2024/07/29, 12:17:19.835, 11779806045461, datacollector.dll, TestPluginCache: Executors2 are ''.
TpTrace Verbose: 0 : 10568, 1, 2024/07/29, 12:17:19.835, 11779806046423, datacollector.dll, TestPluginCache: Setting providers are ''.
TpTrace Verbose: 0 : 10568, 1, 2024/07/29, 12:17:19.835, 11779806047490, datacollector.dll, TestPluginCache: Loggers are ''.
TpTrace Verbose: 0 : 10568, 1, 2024/07/29, 12:17:19.835, 11779806048392, datacollector.dll, TestPluginCache: TestHosts are ''.
TpTrace Verbose: 0 : 10568, 1, 2024/07/29, 12:17:19.836, 11779806053200, datacollector.dll, TestPluginCache: DataCollectors are 'datacollector://microsoft/TestPlatform/Extensions/Blame/v1,datacollector://microsoft/EventLog/2.0'.
TpTrace Information: 0 : 10568, 1, 2024/07/29, 12:17:19.839, 11779806090964, datacollector.dll, TestPluginManager.CreateTestExtension: Attempting to load test extension: Microsoft.TestPlatform.Extensions.BlameDataCollector.BlameCollector
TpTrace Information: 0 : 10568, 1, 2024/07/29, 12:17:19.847, 11779806163044, datacollector.dll, [MonitorPostmortemDump]Monitor enabled: 'False'
TpTrace Verbose: 0 : 10568, 1, 2024/07/29, 12:17:19.848, 11779806174035, datacollector.dll, MulticastDelegateUtilities.SafeInvoke: DataCollectionEvents.SessionStart: Invoking callbacks was skipped because there are no subscribers.
TpTrace Information: 0 : 10568, 1, 2024/07/29, 12:17:19.849, 11779806182044, datacollector.dll, Listening on Endpoint : 127.0.0.1:63740
TpTrace Information: 0 : 10568, 1, 2024/07/29, 12:17:19.864, 11779806337080, datacollector.dll, DataCollectionRequestHandler.ProcessRequests : DataCollection started.
TpTrace Information: 0 : 10568, 1, 2024/07/29, 12:17:19.900, 11779806693784, datacollector.dll, DataCollectionRequestHandler.ProcessRequests: Datacollector received message: (DataCollection.TestHostLaunched) -> {"MessageType":"DataCollection.TestHostLaunched","Payload":{"ProcessId":7584}}
TpTrace Verbose: 0 : 10568, 1, 2024/07/29, 12:17:19.903, 11779806729708, datacollector.dll, MulticastDelegateUtilities.SafeInvoke: DataCollectionEvents.TestHostLaunched: Invoking callback 1/1 for Microsoft.TestPlatform.Extensions.BlameDataCollector.BlameCollector., took 0 ms.
TpTrace Verbose: 0 : 10568, 6, 2024/07/29, 12:17:20.526, 11779812960744, datacollector.dll, SocketCommunicationManager.WaitForClientConnection took: 671 ms, with 90000 ms timeout, and finished with True.
TpTrace Information: 0 : 10568, 8, 2024/07/29, 12:17:20.526, 11779812960668, datacollector.dll, Using the buffer size of 16384 bytes
TpTrace Information: 0 : 10568, 8, 2024/07/29, 12:17:20.527, 11779812963900, datacollector.dll, Accepted Client request and set the flag
TpTrace Information: 0 : 10568, 6, 2024/07/29, 12:17:21.846, 11779826152180, datacollector.dll, DataCollectionTestCaseEventHandler: Test case starting.
TpTrace Information: 0 : 10568, 6, 2024/07/29, 12:17:21.873, 11779826429503, datacollector.dll, BlameCollector.EventsTestCaseStart: Test Case Start
TpTrace Verbose: 0 : 10568, 6, 2024/07/29, 12:17:21.874, 11779826436968, datacollector.dll, MulticastDelegateUtilities.SafeInvoke: DataCollectionEvents.TestCaseStart: Invoking callback 1/1 for Microsoft.TestPlatform.Extensions.BlameDataCollector.BlameCollector., took 0 ms.
TpTrace Information: 0 : 10568, 6, 2024/07/29, 12:17:21.875, 11779826441204, datacollector.dll, DataCollectionTestCaseEventHandler: Test case 'TestCartItemDisplayed - 53534a19-f071-b762-09d7-a34ea911b822' started.
TpTrace Information: 0 : 10568, 6, 2024/07/29, 12:17:27.727, 11779884964300, datacollector.dll, DataCollectionTestCaseEventHandler: Test case completing.
TpTrace Information: 0 : 10568, 6, 2024/07/29, 12:17:27.738, 11779885076930, datacollector.dll, BlameCollector.EventsTestCaseEnd: Test Case End
TpTrace Verbose: 0 : 10568, 6, 2024/07/29, 12:17:27.739, 11779885082052, datacollector.dll, MulticastDelegateUtilities.SafeInvoke: DataCollectionEvents.TestCaseEnd: Invoking callback 1/1 for Microsoft.TestPlatform.Extensions.BlameDataCollector.BlameCollector., took 0 ms.
TpTrace Information: 0 : 10568, 6, 2024/07/29, 12:17:27.745, 11779885141227, datacollector.dll, DataCollectionTestCaseEventHandler: Test case 'TestCartItemDisplayed - 53534a19-f071-b762-09d7-a34ea911b822' completed
TpTrace Information: 0 : 10568, 6, 2024/07/29, 12:17:27.789, 11779885585545, datacollector.dll, DataCollectionTestCaseEventHandler: Test case starting.
TpTrace Information: 0 : 10568, 6, 2024/07/29, 12:17:27.791, 11779885602086, datacollector.dll, BlameCollector.EventsTestCaseStart: Test Case Start
TpTrace Verbose: 0 : 10568, 6, 2024/07/29, 12:17:27.791, 11779885604756, datacollector.dll, MulticastDelegateUtilities.SafeInvoke: DataCollectionEvents.TestCaseStart: Invoking callback 1/1 for Microsoft.TestPlatform.Extensions.BlameDataCollector.BlameCollector., took 0 ms.
TpTrace Information: 0 : 10568, 6, 2024/07/29, 12:17:27.791, 11779885608440, datacollector.dll, DataCollectionTestCaseEventHandler: Test case 'TestClickCheckout - d91c1cc5-a50c-b564-f113-a750416444a4' started.
TpTrace Information: 0 : 10568, 6, 2024/07/29, 12:17:32.975, 11779937446713, datacollector.dll, DataCollectionTestCaseEventHandler: Test case completing.
TpTrace Information: 0 : 10568, 6, 2024/07/29, 12:17:32.977, 11779937463076, datacollector.dll, BlameCollector.EventsTestCaseEnd: Test Case End
TpTrace Verbose: 0 : 10568, 6, 2024/07/29, 12:17:32.977, 11779937465792, datacollector.dll, MulticastDelegateUtilities.SafeInvoke: DataCollectionEvents.TestCaseEnd: Invoking callback 1/1 for Microsoft.TestPlatform.Extensions.BlameDataCollector.BlameCollector., took 0 ms.
TpTrace Information: 0 : 10568, 6, 2024/07/29, 12:17:32.977, 11779937470424, datacollector.dll, DataCollectionTestCaseEventHandler: Test case 'TestClickCheckout - d91c1cc5-a50c-b564-f113-a750416444a4' completed
TpTrace Information: 0 : 10568, 6, 2024/07/29, 12:17:32.982, 11779937519189, datacollector.dll, DataCollectionTestCaseEventHandler: Test case starting.
TpTrace Information: 0 : 10568, 6, 2024/07/29, 12:17:32.983, 11779937530887, datacollector.dll, BlameCollector.EventsTestCaseStart: Test Case Start
TpTrace Verbose: 0 : 10568, 6, 2024/07/29, 12:17:32.984, 11779937532876, datacollector.dll, MulticastDelegateUtilities.SafeInvoke: DataCollectionEvents.TestCaseStart: Invoking callback 1/1 for Microsoft.TestPlatform.Extensions.BlameDataCollector.BlameCollector., took 0 ms.
TpTrace Information: 0 : 10568, 6, 2024/07/29, 12:17:32.984, 11779937536793, datacollector.dll, DataCollectionTestCaseEventHandler: Test case 'TestCheckoutPageLoaded - 53b213c6-f668-168f-1042-82ce6ab214ac' started.
TpTrace Information: 0 : 10568, 6, 2024/07/29, 12:17:37.866, 11779986352460, datacollector.dll, DataCollectionTestCaseEventHandler: Test case completing.
TpTrace Information: 0 : 10568, 6, 2024/07/29, 12:17:37.866, 11779986360976, datacollector.dll, BlameCollector.EventsTestCaseEnd: Test Case End
TpTrace Verbose: 0 : 10568, 6, 2024/07/29, 12:17:37.867, 11779986362897, datacollector.dll, MulticastDelegateUtilities.SafeInvoke: DataCollectionEvents.TestCaseEnd: Invoking callback 1/1 for Microsoft.TestPlatform.Extensions.BlameDataCollector.BlameCollector., took 0 ms.
TpTrace Information: 0 : 10568, 6, 2024/07/29, 12:17:37.867, 11779986366171, datacollector.dll, DataCollectionTestCaseEventHandler: Test case 'TestCheckoutPageLoaded - 53b213c6-f668-168f-1042-82ce6ab214ac' completed
TpTrace Information: 0 : 10568, 6, 2024/07/29, 12:17:37.871, 11779986409520, datacollector.dll, DataCollectionTestCaseEventHandler: Test case starting.
TpTrace Information: 0 : 10568, 6, 2024/07/29, 12:17:37.872, 11779986415967, datacollector.dll, BlameCollector.EventsTestCaseStart: Test Case Start
TpTrace Verbose: 0 : 10568, 6, 2024/07/29, 12:17:37.872, 11779986418032, datacollector.dll, MulticastDelegateUtilities.SafeInvoke: DataCollectionEvents.TestCaseStart: Invoking callback 1/1 for Microsoft.TestPlatform.Extensions.BlameDataCollector.BlameCollector., took 0 ms.
TpTrace Information: 0 : 10568, 6, 2024/07/29, 12:17:37.873, 11779986421191, datacollector.dll, DataCollectionTestCaseEventHandler: Test case 'TestCompleteOrder - 0976f7bd-ff1b-a1eb-a2e7-3c329af4a0ef' started.
TpTrace Information: 0 : 10568, 6, 2024/07/29, 12:17:43.589, 11780043587877, datacollector.dll, DataCollectionTestCaseEventHandler: Test case completing.
TpTrace Information: 0 : 10568, 6, 2024/07/29, 12:17:43.590, 11780043595398, datacollector.dll, BlameCollector.EventsTestCaseEnd: Test Case End
TpTrace Verbose: 0 : 10568, 6, 2024/07/29, 12:17:43.590, 11780043596595, datacollector.dll, MulticastDelegateUtilities.SafeInvoke: DataCollectionEvents.TestCaseEnd: Invoking callback 1/1 for Microsoft.TestPlatform.Extensions.BlameDataCollector.BlameCollector., took 0 ms.
TpTrace Information: 0 : 10568, 6, 2024/07/29, 12:17:43.590, 11780043599244, datacollector.dll, DataCollectionTestCaseEventHandler: Test case 'TestCompleteOrder - 0976f7bd-ff1b-a1eb-a2e7-3c329af4a0ef' completed
TpTrace Information: 0 : 10568, 6, 2024/07/29, 12:17:43.594, 11780043634524, datacollector.dll, DataCollectionTestCaseEventHandler: Test case starting.
TpTrace Information: 0 : 10568, 6, 2024/07/29, 12:17:43.594, 11780043640726, datacollector.dll, BlameCollector.EventsTestCaseStart: Test Case Start
TpTrace Verbose: 0 : 10568, 6, 2024/07/29, 12:17:43.595, 11780043642280, datacollector.dll, MulticastDelegateUtilities.SafeInvoke: DataCollectionEvents.TestCaseStart: Invoking callback 1/1 for Microsoft.TestPlatform.Extensions.BlameDataCollector.BlameCollector., took 0 ms.
TpTrace Information: 0 : 10568, 6, 2024/07/29, 12:17:43.595, 11780043645374, datacollector.dll, DataCollectionTestCaseEventHandler: Test case 'TestContinueToNextStep - 70aa5bd9-a23c-0921-3099-c615b46597b9' started.
TpTrace Information: 0 : 10568, 6, 2024/07/29, 12:17:48.961, 11780097309401, datacollector.dll, DataCollectionTestCaseEventHandler: Test case completing.
TpTrace Information: 0 : 10568, 6, 2024/07/29, 12:17:48.962, 11780097315998, datacollector.dll, BlameCollector.EventsTestCaseEnd: Test Case End
TpTrace Verbose: 0 : 10568, 6, 2024/07/29, 12:17:48.962, 11780097317533, datacollector.dll, MulticastDelegateUtilities.SafeInvoke: DataCollectionEvents.TestCaseEnd: Invoking callback 1/1 for Microsoft.TestPlatform.Extensions.BlameDataCollector.BlameCollector., took 0 ms.
TpTrace Information: 0 : 10568, 6, 2024/07/29, 12:17:48.962, 11780097320889, datacollector.dll, DataCollectionTestCaseEventHandler: Test case 'TestContinueToNextStep - 70aa5bd9-a23c-0921-3099-c615b46597b9' completed
TpTrace Information: 0 : 10568, 6, 2024/07/29, 12:17:48.965, 11780097350927, datacollector.dll, DataCollectionTestCaseEventHandler: Test case starting.
TpTrace Information: 0 : 10568, 6, 2024/07/29, 12:17:48.966, 11780097356787, datacollector.dll, BlameCollector.EventsTestCaseStart: Test Case Start
TpTrace Verbose: 0 : 10568, 6, 2024/07/29, 12:17:48.966, 11780097358218, datacollector.dll, MulticastDelegateUtilities.SafeInvoke: DataCollectionEvents.TestCaseStart: Invoking callback 1/1 for Microsoft.TestPlatform.Extensions.BlameDataCollector.BlameCollector., took 0 ms.
TpTrace Information: 0 : 10568, 6, 2024/07/29, 12:17:48.967, 11780097361100, datacollector.dll, DataCollectionTestCaseEventHandler: Test case 'TestLogout - 1c36c114-208e-9249-171b-3602a1183af9' started.
TpTrace Information: 0 : 10568, 6, 2024/07/29, 12:17:54.253, 11780150225175, datacollector.dll, DataCollectionTestCaseEventHandler: Test case completing.
TpTrace Information: 0 : 10568, 6, 2024/07/29, 12:17:54.254, 11780150231339, datacollector.dll, BlameCollector.EventsTestCaseEnd: Test Case End
TpTrace Verbose: 0 : 10568, 6, 2024/07/29, 12:17:54.254, 11780150232679, datacollector.dll, MulticastDelegateUtilities.SafeInvoke: DataCollectionEvents.TestCaseEnd: Invoking callback 1/1 for Microsoft.TestPlatform.Extensions.BlameDataCollector.BlameCollector., took 0 ms.
TpTrace Information: 0 : 10568, 6, 2024/07/29, 12:17:54.254, 11780150236564, datacollector.dll, DataCollectionTestCaseEventHandler: Test case 'TestLogout - 1c36c114-208e-9249-171b-3602a1183af9' completed
TpTrace Information: 0 : 10568, 6, 2024/07/29, 12:17:54.257, 11780150269550, datacollector.dll, DataCollectionTestCaseEventHandler: Test case starting.
TpTrace Information: 0 : 10568, 6, 2024/07/29, 12:17:54.258, 11780150275817, datacollector.dll, BlameCollector.EventsTestCaseStart: Test Case Start
TpTrace Verbose: 0 : 10568, 6, 2024/07/29, 12:17:54.258, 11780150277269, datacollector.dll, MulticastDelegateUtilities.SafeInvoke: DataCollectionEvents.TestCaseStart: Invoking callback 1/1 for Microsoft.TestPlatform.Extensions.BlameDataCollector.BlameCollector., took 0 ms.
TpTrace Information: 0 : 10568, 6, 2024/07/29, 12:17:54.258, 11780150279967, datacollector.dll, DataCollectionTestCaseEventHandler: Test case 'TestOpenMenu - 8187625c-b0f3-0183-1a32-1677731fc659' started.
TpTrace Information: 0 : 10568, 6, 2024/07/29, 12:17:59.326, 11780200954145, datacollector.dll, DataCollectionTestCaseEventHandler: Test case completing.
TpTrace Information: 0 : 10568, 6, 2024/07/29, 12:17:59.327, 11780200964021, datacollector.dll, BlameCollector.EventsTestCaseEnd: Test Case End
TpTrace Verbose: 0 : 10568, 6, 2024/07/29, 12:17:59.327, 11780200966064, datacollector.dll, MulticastDelegateUtilities.SafeInvoke: DataCollectionEvents.TestCaseEnd: Invoking callback 1/1 for Microsoft.TestPlatform.Extensions.BlameDataCollector.BlameCollector., took 0 ms.
TpTrace Information: 0 : 10568, 6, 2024/07/29, 12:17:59.328, 11780200971532, datacollector.dll, DataCollectionTestCaseEventHandler: Test case 'TestOpenMenu - 8187625c-b0f3-0183-1a32-1677731fc659' completed
TpTrace Information: 0 : 10568, 6, 2024/07/29, 12:17:59.330, 11780200999049, datacollector.dll, DataCollectionTestCaseEventHandler: Test case starting.
TpTrace Information: 0 : 10568, 6, 2024/07/29, 12:17:59.331, 11780201007873, datacollector.dll, BlameCollector.EventsTestCaseStart: Test Case Start
TpTrace Verbose: 0 : 10568, 6, 2024/07/29, 12:17:59.332, 11780201010985, datacollector.dll, MulticastDelegateUtilities.SafeInvoke: DataCollectionEvents.TestCaseStart: Invoking callback 1/1 for Microsoft.TestPlatform.Extensions.BlameDataCollector.BlameCollector., took 0 ms.
TpTrace Information: 0 : 10568, 6, 2024/07/29, 12:17:59.332, 11780201014664, datacollector.dll, DataCollectionTestCaseEventHandler: Test case 'TestAddToCartByIndex - 12708f2d-6b56-ca33-bab9-dd9ef09718dc' started.
TpTrace Information: 0 : 10568, 6, 2024/07/29, 12:18:04.100, 11780248696939, datacollector.dll, DataCollectionTestCaseEventHandler: Test case completing.
TpTrace Information: 0 : 10568, 6, 2024/07/29, 12:18:04.101, 11780248704398, datacollector.dll, BlameCollector.EventsTestCaseEnd: Test Case End
TpTrace Verbose: 0 : 10568, 6, 2024/07/29, 12:18:04.101, 11780248705572, datacollector.dll, MulticastDelegateUtilities.SafeInvoke: DataCollectionEvents.TestCaseEnd: Invoking callback 1/1 for Microsoft.TestPlatform.Extensions.BlameDataCollector.BlameCollector., took 0 ms.
TpTrace Information: 0 : 10568, 6, 2024/07/29, 12:18:04.101, 11780248709232, datacollector.dll, DataCollectionTestCaseEventHandler: Test case 'TestAddToCartByIndex - 12708f2d-6b56-ca33-bab9-dd9ef09718dc' completed
TpTrace Information: 0 : 10568, 6, 2024/07/29, 12:18:04.103, 11780248727688, datacollector.dll, DataCollectionTestCaseEventHandler: Test case starting.
TpTrace Information: 0 : 10568, 6, 2024/07/29, 12:18:04.105, 11780248750755, datacollector.dll, BlameCollector.EventsTestCaseStart: Test Case Start
TpTrace Verbose: 0 : 10568, 6, 2024/07/29, 12:18:04.106, 11780248752451, datacollector.dll, MulticastDelegateUtilities.SafeInvoke: DataCollectionEvents.TestCaseStart: Invoking callback 1/1 for Microsoft.TestPlatform.Extensions.BlameDataCollector.BlameCollector., took 0 ms.
TpTrace Information: 0 : 10568, 6, 2024/07/29, 12:18:04.106, 11780248754887, datacollector.dll, DataCollectionTestCaseEventHandler: Test case 'TestAddToCartByName - b2855f95-5cb6-0e0f-6c30-7b3b135eec01' started.
TpTrace Information: 0 : 10568, 6, 2024/07/29, 12:18:08.690, 11780294592088, datacollector.dll, DataCollectionTestCaseEventHandler: Test case completing.
TpTrace Information: 0 : 10568, 6, 2024/07/29, 12:18:08.690, 11780294599491, datacollector.dll, BlameCollector.EventsTestCaseEnd: Test Case End
TpTrace Verbose: 0 : 10568, 6, 2024/07/29, 12:18:08.690, 11780294600900, datacollector.dll, MulticastDelegateUtilities.SafeInvoke: DataCollectionEvents.TestCaseEnd: Invoking callback 1/1 for Microsoft.TestPlatform.Extensions.BlameDataCollector.BlameCollector., took 0 ms.
TpTrace Information: 0 : 10568, 6, 2024/07/29, 12:18:08.691, 11780294603839, datacollector.dll, DataCollectionTestCaseEventHandler: Test case 'TestAddToCartByName - b2855f95-5cb6-0e0f-6c30-7b3b135eec01' completed
TpTrace Information: 0 : 10568, 6, 2024/07/29, 12:18:08.693, 11780294623937, datacollector.dll, DataCollectionTestCaseEventHandler: Test case starting.
TpTrace Information: 0 : 10568, 6, 2024/07/29, 12:18:08.693, 11780294629779, datacollector.dll, BlameCollector.EventsTestCaseStart: Test Case Start
TpTrace Verbose: 0 : 10568, 6, 2024/07/29, 12:18:08.694, 11780294631158, datacollector.dll, MulticastDelegateUtilities.SafeInvoke: DataCollectionEvents.TestCaseStart: Invoking callback 1/1 for Microsoft.TestPlatform.Extensions.BlameDataCollector.BlameCollector., took 0 ms.
TpTrace Information: 0 : 10568, 6, 2024/07/29, 12:18:08.694, 11780294633988, datacollector.dll, DataCollectionTestCaseEventHandler: Test case 'TestInventoryDisplay - e8c6b6cc-9818-f1b7-d021-cc918486ebf3' started.
TpTrace Information: 0 : 10568, 6, 2024/07/29, 12:18:12.736, 11780335057050, datacollector.dll, DataCollectionTestCaseEventHandler: Test case completing.
TpTrace Information: 0 : 10568, 6, 2024/07/29, 12:18:12.737, 11780335064557, datacollector.dll, BlameCollector.EventsTestCaseEnd: Test Case End
TpTrace Verbose: 0 : 10568, 6, 2024/07/29, 12:18:12.737, 11780335065923, datacollector.dll, MulticastDelegateUtilities.SafeInvoke: DataCollectionEvents.TestCaseEnd: Invoking callback 1/1 for Microsoft.TestPlatform.Extensions.BlameDataCollector.BlameCollector., took 0 ms.
TpTrace Information: 0 : 10568, 6, 2024/07/29, 12:18:12.737, 11780335068907, datacollector.dll, DataCollectionTestCaseEventHandler: Test case 'TestInventoryDisplay - e8c6b6cc-9818-f1b7-d021-cc918486ebf3' completed
TpTrace Information: 0 : 10568, 6, 2024/07/29, 12:18:12.739, 11780335087307, datacollector.dll, DataCollectionTestCaseEventHandler: Test case starting.
TpTrace Information: 0 : 10568, 6, 2024/07/29, 12:18:12.740, 11780335093200, datacollector.dll, BlameCollector.EventsTestCaseStart: Test Case Start
TpTrace Verbose: 0 : 10568, 6, 2024/07/29, 12:18:12.740, 11780335094411, datacollector.dll, MulticastDelegateUtilities.SafeInvoke: DataCollectionEvents.TestCaseStart: Invoking callback 1/1 for Microsoft.TestPlatform.Extensions.BlameDataCollector.BlameCollector., took 0 ms.
TpTrace Information: 0 : 10568, 6, 2024/07/29, 12:18:12.740, 11780335097063, datacollector.dll, DataCollectionTestCaseEventHandler: Test case 'TestPageTitle - dbfb08f6-cf61-6170-9e14-966ffe8fb310' started.
TpTrace Information: 0 : 10568, 6, 2024/07/29, 12:18:16.802, 11780375711955, datacollector.dll, DataCollectionTestCaseEventHandler: Test case completing.
TpTrace Information: 0 : 10568, 6, 2024/07/29, 12:18:16.802, 11780375718002, datacollector.dll, BlameCollector.EventsTestCaseEnd: Test Case End
TpTrace Verbose: 0 : 10568, 6, 2024/07/29, 12:18:16.802, 11780375718979, datacollector.dll, MulticastDelegateUtilities.SafeInvoke: DataCollectionEvents.TestCaseEnd: Invoking callback 1/1 for Microsoft.TestPlatform.Extensions.BlameDataCollector.BlameCollector., took 0 ms.
TpTrace Information: 0 : 10568, 6, 2024/07/29, 12:18:16.803, 11780375721267, datacollector.dll, DataCollectionTestCaseEventHandler: Test case 'TestPageTitle - dbfb08f6-cf61-6170-9e14-966ffe8fb310' completed
TpTrace Information: 0 : 10568, 6, 2024/07/29, 12:18:16.804, 11780375740670, datacollector.dll, DataCollectionTestCaseEventHandler: Test case starting.
TpTrace Information: 0 : 10568, 6, 2024/07/29, 12:18:16.806, 11780375751905, datacollector.dll, BlameCollector.EventsTestCaseStart: Test Case Start
TpTrace Verbose: 0 : 10568, 6, 2024/07/29, 12:18:16.806, 11780375753012, datacollector.dll, MulticastDelegateUtilities.SafeInvoke: DataCollectionEvents.TestCaseStart: Invoking callback 1/1 for Microsoft.TestPlatform.Extensions.BlameDataCollector.BlameCollector., took 0 ms.
TpTrace Information: 0 : 10568, 6, 2024/07/29, 12:18:16.806, 11780375755527, datacollector.dll, DataCollectionTestCaseEventHandler: Test case 'TestLoginWithInvalidCredentials - f3dd260c-1f87-0f9d-63ec-cde39056321c' started.
TpTrace Information: 0 : 10568, 6, 2024/07/29, 12:18:20.629, 11780413986228, datacollector.dll, DataCollectionTestCaseEventHandler: Test case completing.
TpTrace Information: 0 : 10568, 6, 2024/07/29, 12:18:20.630, 11780413992445, datacollector.dll, BlameCollector.EventsTestCaseEnd: Test Case End
TpTrace Verbose: 0 : 10568, 6, 2024/07/29, 12:18:20.630, 11780413993631, datacollector.dll, MulticastDelegateUtilities.SafeInvoke: DataCollectionEvents.TestCaseEnd: Invoking callback 1/1 for Microsoft.TestPlatform.Extensions.BlameDataCollector.BlameCollector., took 0 ms.
TpTrace Information: 0 : 10568, 6, 2024/07/29, 12:18:20.630, 11780413997391, datacollector.dll, DataCollectionTestCaseEventHandler: Test case 'TestLoginWithInvalidCredentials - f3dd260c-1f87-0f9d-63ec-cde39056321c' completed
TpTrace Information: 0 : 10568, 6, 2024/07/29, 12:18:20.632, 11780414020619, datacollector.dll, DataCollectionTestCaseEventHandler: Test case starting.
TpTrace Information: 0 : 10568, 6, 2024/07/29, 12:18:20.633, 11780414026649, datacollector.dll, BlameCollector.EventsTestCaseStart: Test Case Start
TpTrace Verbose: 0 : 10568, 6, 2024/07/29, 12:18:20.633, 11780414028026, datacollector.dll, MulticastDelegateUtilities.SafeInvoke: DataCollectionEvents.TestCaseStart: Invoking callback 1/1 for Microsoft.TestPlatform.Extensions.BlameDataCollector.BlameCollector., took 0 ms.
TpTrace Information: 0 : 10568, 6, 2024/07/29, 12:18:20.633, 11780414030457, datacollector.dll, DataCollectionTestCaseEventHandler: Test case 'TestLoginWithLockedOutUser - 256e2693-0fdf-2d59-6157-8dcc48fb63b6' started.
TpTrace Information: 0 : 10568, 6, 2024/07/29, 12:18:24.522, 11780452915776, datacollector.dll, DataCollectionTestCaseEventHandler: Test case completing.
TpTrace Information: 0 : 10568, 6, 2024/07/29, 12:18:24.523, 11780452921251, datacollector.dll, BlameCollector.EventsTestCaseEnd: Test Case End
TpTrace Verbose: 0 : 10568, 6, 2024/07/29, 12:18:24.523, 11780452922735, datacollector.dll, MulticastDelegateUtilities.SafeInvoke: DataCollectionEvents.TestCaseEnd: Invoking callback 1/1 for Microsoft.TestPlatform.Extensions.BlameDataCollector.BlameCollector., took 0 ms.
TpTrace Information: 0 : 10568, 6, 2024/07/29, 12:18:24.523, 11780452925580, datacollector.dll, DataCollectionTestCaseEventHandler: Test case 'TestLoginWithLockedOutUser - 256e2693-0fdf-2d59-6157-8dcc48fb63b6' completed
TpTrace Information: 0 : 10568, 6, 2024/07/29, 12:18:24.525, 11780452943208, datacollector.dll, DataCollectionTestCaseEventHandler: Test case starting.
TpTrace Information: 0 : 10568, 6, 2024/07/29, 12:18:24.525, 11780452949122, datacollector.dll, BlameCollector.EventsTestCaseStart: Test Case Start
TpTrace Verbose: 0 : 10568, 6, 2024/07/29, 12:18:24.525, 11780452950209, datacollector.dll, MulticastDelegateUtilities.SafeInvoke: DataCollectionEvents.TestCaseStart: Invoking callback 1/1 for Microsoft.TestPlatform.Extensions.BlameDataCollector.BlameCollector., took 0 ms.
TpTrace Information: 0 : 10568, 6, 2024/07/29, 12:18:24.526, 11780452952645, datacollector.dll, DataCollectionTestCaseEventHandler: Test case 'TestLoginWithValidCredentials - 7f24afb5-b851-fc15-36da-4e133f3e6776' started.
TpTrace Information: 0 : 10568, 6, 2024/07/29, 12:18:28.600, 11780493696106, datacollector.dll, DataCollectionTestCaseEventHandler: Test case completing.
TpTrace Information: 0 : 10568, 6, 2024/07/29, 12:18:28.601, 11780493702167, datacollector.dll, BlameCollector.EventsTestCaseEnd: Test Case End
TpTrace Verbose: 0 : 10568, 6, 2024/07/29, 12:18:28.601, 11780493703887, datacollector.dll, MulticastDelegateUtilities.SafeInvoke: DataCollectionEvents.TestCaseEnd: Invoking callback 1/1 for Microsoft.TestPlatform.Extensions.BlameDataCollector.BlameCollector., took 0 ms.
TpTrace Information: 0 : 10568, 6, 2024/07/29, 12:18:28.601, 11780493708087, datacollector.dll, DataCollectionTestCaseEventHandler: Test case 'TestLoginWithValidCredentials - 7f24afb5-b851-fc15-36da-4e133f3e6776' completed
TpTrace Information: 0 : 10568, 6, 2024/07/29, 12:18:28.621, 11780493909879, datacollector.dll, DataCollectionTestCaseEventHandler: Test session ended
TpTrace Information: 0 : 10568, 1, 2024/07/29, 12:18:28.689, 11780494590724, datacollector.dll, DataCollectionRequestHandler.ProcessRequests: Datacollector received message: (DataCollection.AfterTestRunEnd) -> {"MessageType":"DataCollection.AfterTestRunEnd","Payload":false}
TpTrace Information: 0 : 10568, 1, 2024/07/29, 12:18:28.691, 11780494604131, datacollector.dll, Blame Collector: Session End
TpTrace Information: 0 : 10568, 1, 2024/07/29, 12:18:28.691, 11780494604907, datacollector.dll, BlameCollector.CollectDumpAndAbortTesthost: Custom path to dump directory was provided via VSTEST_DUMP_PATH. Skipping attachment upload, the caller is responsible for collecting and uploading the dumps themselves.
TpTrace Verbose: 0 : 10568, 1, 2024/07/29, 12:18:28.691, 11780494605965, datacollector.dll, MulticastDelegateUtilities.SafeInvoke: DataCollectionEvents.SessionEnd: Invoking callback 1/1 for Microsoft.TestPlatform.Extensions.BlameDataCollector.BlameCollector., took 0 ms.
TpTrace Information: 0 : 10568, 1, 2024/07/29, 12:18:28.692, 11780494613308, datacollector.dll, DataCollectionManager.CleanupPlugins: CleanupPlugins called
TpTrace Verbose: 0 : 10568, 1, 2024/07/29, 12:18:28.692, 11780494613886, datacollector.dll, DataCollectionManager.CleanupPlugins: Cleaning up 1 plugins
TpTrace Verbose: 0 : 10568, 1, 2024/07/29, 12:18:28.692, 11780494615005, datacollector.dll, dataCollectorInfo.DisposeDataCollector: calling Dispose() on Microsoft.TestPlatform.Extensions.BlameDataCollector.BlameCollector
TpTrace Information: 0 : 10568, 1, 2024/07/29, 12:18:28.692, 11780494615948, datacollector.dll, DataCollectionManager.CleanupPlugins: CleanupPlugins finished
TpTrace Information: 0 : 10568, 1, 2024/07/29, 12:18:28.699, 11780494686036, datacollector.dll, DataCollectionRequestHandler.ProcessRequests : Session End message received from server. Closing the connection.
TpTrace Information: 0 : 10568, 1, 2024/07/29, 12:18:28.699, 11780494689940, datacollector.dll, Closing the connection !
TpTrace Information: 0 : 10568, 1, 2024/07/29, 12:18:28.699, 11780494690788, datacollector.dll, DataCollectionRequestHandler.ProcessRequests : DataCollection completed
TpTrace Information: 0 : 10568, 1, 2024/07/29, 12:18:28.700, 11780494691391, datacollector.dll, Program.Main: exiting datacollector process.
