TpTrace Verbose: 0 : 19956, 1, 2024/07/23, 20:10:57.334, 6879694376960, datacollector.dll, Version: 17.10.0-release-24203-04
TpTrace Information: 0 : 19956, 1, 2024/07/23, 20:10:57.343, 6879694471251, datacollector.dll, DataCollectorMain.Run: Starting data collector run with args: --port,58557,--parentprocessid,5832,--diag,C:\Users\PC\Desktop\SeleniumAdvanced\StudentsRegistryPOM\bin\Debug\net6.0\fine-code-coverage\coverage-tool-output\diagnostics.datacollector.24-07-23_20-10-57_13564_5.log,--tracelevel,4
TpTrace Information: 0 : 19956, 1, 2024/07/23, 20:10:57.343, 6879694473725, datacollector.dll, DataCollector: Monitoring parent process with id: '5832'
TpTrace Information: 0 : 19956, 1, 2024/07/23, 20:10:57.358, 6879694620905, datacollector.dll, Trying to connect to server on socket : 127.0.0.1:58557 
TpTrace Verbose: 0 : 19956, 1, 2024/07/23, 20:10:57.377, 6879694804859, datacollector.dll, SocketCommunicationManager : SetupClientAsync : Attempting to connect to the server.
TpTrace Information: 0 : 19956, 6, 2024/07/23, 20:10:57.393, 6879694964708, datacollector.dll, Connected to the server successfully 
TpTrace Information: 0 : 19956, 6, 2024/07/23, 20:10:57.393, 6879694966756, datacollector.dll, Using the buffer size of 16384 bytes
TpTrace Information: 0 : 19956, 1, 2024/07/23, 20:10:57.506, 6879696095220, datacollector.dll, DataCollector: Start Request Processing.
TpTrace Verbose: 0 : 19956, 1, 2024/07/23, 20:10:57.506, 6879696099383, datacollector.dll, SocketCommunicationManager.WaitForServerConnection took: 0 ms, with 90000 ms timeout, and finished with True.
TpTrace Information: 0 : 19956, 1, 2024/07/23, 20:10:57.507, 6879696105494, datacollector.dll, DataCollectionRequestHandler.ProcessRequests: Datacollector received message: (DataCollection.BeforeTestRunStart) -> {"MessageType":"DataCollection.BeforeTestRunStart","Payload":{"SettingsXml":"<RunSettings><RunConfiguration><ResultsDirectory>C:\\Users\\PC\\Desktop\\SeleniumAdvanced\\StudentsRegistryPOM\\bin\\Debug\\net6.0\\fine-code-coverage\\coverage-tool-output</ResultsDirectory><TargetPlatform>X64</TargetPlatform><TargetFrameworkVersion>.NETCoreApp,Version=v6.0</TargetFrameworkVersion><DesignMode>False</DesignMode><CollectSourceInformation>False</CollectSourceInformation><TestAdaptersPaths>C:\\Program Files\\dotnet\\sdk\\8.0.300\\Extensions</TestAdaptersPaths></RunConfiguration><LoggerRunSettings><Loggers><Logger friendlyName=\"blame\" enabled=\"True\" /><Logger friendlyName=\"Console\" uri=\"logger://microsoft/TestPlatform/ConsoleLogger/v1\" assemblyQualifiedName=\"Microsoft.VisualStudio.TestPlatform.CommandLine.Internal.ConsoleLogger, vstest.console, Version=15.0.0.0, Culture=neutral, PublicKeyToken=b03f5f7f11d50a3a\" codeBase=\"C:\\Program Files\\dotnet\\sdk\\8.0.300\\vstest.console.dll\" enabled=\"True\" /></Loggers></LoggerRunSettings><DataCollectionRunSettings><DataCollectors><DataCollector friendlyName=\"blame\" enabled=\"True\"><Configuration><ResultsDirectory>C:\\Users\\PC\\Desktop\\SeleniumAdvanced\\StudentsRegistryPOM\\bin\\Debug\\net6.0\\fine-code-coverage\\coverage-tool-output</ResultsDirectory></Configuration></DataCollector></DataCollectors></DataCollectionRunSettings></RunSettings>","Sources":["C:\\Users\\PC\\Desktop\\SeleniumAdvanced\\StudentsRegistryPOM\\bin\\Debug\\net6.0\\fine-code-coverage\\build-output\\StudentsRegistryPOM.dll"],"IsTelemetryOptedIn":false}}
TpTrace Verbose: 0 : 19956, 1, 2024/07/23, 20:10:57.571, 6879696748350, datacollector.dll, TestPluginCache: Update extensions started. Skip filter = False
TpTrace Verbose: 0 : 19956, 1, 2024/07/23, 20:10:57.572, 6879696758682, datacollector.dll, TestPluginCache: Using directories for assembly resolution 'C:\Program Files\dotnet\sdk\8.0.300\Extensions'.
TpTrace Verbose: 0 : 19956, 1, 2024/07/23, 20:10:57.572, 6879696759882, datacollector.dll, TestPluginCache: Updated the available extensions to 'C:\Program Files\dotnet\sdk\8.0.300\Extensions\Microsoft.TestPlatform.Extensions.BlameDataCollector.dll,C:\Program Files\dotnet\sdk\8.0.300\Extensions\Microsoft.TestPlatform.Extensions.EventLogCollector.dll'.
TpTrace Verbose: 0 : 19956, 1, 2024/07/23, 20:10:57.578, 6879696823839, datacollector.dll, TestPluginCache.DiscoverTestExtensions: finding test extensions in assemblies ends with: Collector.dll TPluginInfo: Microsoft.VisualStudio.TestPlatform.Common.DataCollector.DataCollectorConfig TExtension: Microsoft.VisualStudio.TestPlatform.ObjectModel.DataCollection.DataCollector
TpTrace Verbose: 0 : 19956, 1, 2024/07/23, 20:10:57.580, 6879696839942, datacollector.dll, TestPluginCache.GetExtensionPaths: Filtered extension paths: C:\Program Files\dotnet\sdk\8.0.300\Extensions\Microsoft.TestPlatform.Extensions.BlameDataCollector.dll
C:\Program Files\dotnet\sdk\8.0.300\Extensions\Microsoft.TestPlatform.Extensions.EventLogCollector.dll
TpTrace Verbose: 0 : 19956, 1, 2024/07/23, 20:10:57.580, 6879696840953, datacollector.dll, TestPluginCache.GetExtensionPaths: Added default extension paths: 
TpTrace Verbose: 0 : 19956, 1, 2024/07/23, 20:10:57.580, 6879696841572, datacollector.dll, TestPluginCache.GetExtensionPaths: Added unfilterableExtensionPaths: 
TpTrace Information: 0 : 19956, 1, 2024/07/23, 20:10:57.581, 6879696848811, datacollector.dll, AssemblyResolver.ctor: Creating AssemblyResolver with searchDirectories C:\Program Files\dotnet\sdk\8.0.300\Extensions,C:\Program Files\dotnet\sdk\8.0.300
TpTrace Verbose: 0 : 19956, 1, 2024/07/23, 20:10:57.583, 6879696867367, datacollector.dll, TestPluginCache.DiscoverTestExtensions: Discovering the extensions using extension path.
TpTrace Verbose: 0 : 19956, 1, 2024/07/23, 20:10:57.583, 6879696870355, datacollector.dll, TestPluginCache.GetExtensionPaths: Filtered extension paths: C:\Program Files\dotnet\sdk\8.0.300\Extensions\Microsoft.TestPlatform.Extensions.BlameDataCollector.dll
C:\Program Files\dotnet\sdk\8.0.300\Extensions\Microsoft.TestPlatform.Extensions.EventLogCollector.dll
TpTrace Verbose: 0 : 19956, 1, 2024/07/23, 20:10:57.583, 6879696871152, datacollector.dll, TestPluginCache.GetExtensionPaths: Added default extension paths: 
TpTrace Verbose: 0 : 19956, 1, 2024/07/23, 20:10:57.583, 6879696871873, datacollector.dll, TestPluginCache.GetExtensionPaths: Added unfilterableExtensionPaths: 
TpTrace Verbose: 0 : 19956, 1, 2024/07/23, 20:10:57.583, 6879696872885, datacollector.dll, TestPluginCache.DiscoverTestExtensions: Discovering the extensions using allExtensionPaths: C:\Program Files\dotnet\sdk\8.0.300\Extensions\Microsoft.TestPlatform.Extensions.BlameDataCollector.dll
C:\Program Files\dotnet\sdk\8.0.300\Extensions\Microsoft.TestPlatform.Extensions.EventLogCollector.dll
TpTrace Information: 0 : 19956, 1, 2024/07/23, 20:10:57.584, 6879696874528, datacollector.dll, AssemblyResolver.AddSearchDirectories: Adding more searchDirectories C:\Program Files\dotnet\sdk\8.0.300\Extensions,C:\Program Files\dotnet\sdk\8.0.300
TpTrace Information: 0 : 19956, 1, 2024/07/23, 20:10:57.584, 6879696875544, datacollector.dll, AssemblyResolver.AddSearchDirectories: Adding more searchDirectories C:\Program Files\dotnet\sdk\8.0.300\Extensions,C:\Program Files\dotnet\sdk\8.0.300
TpTrace Information: 0 : 19956, 1, 2024/07/23, 20:10:57.584, 6879696881838, datacollector.dll, AssemblyResolver.OnResolve: Microsoft.TestPlatform.Extensions.BlameDataCollector: Resolving assembly.
TpTrace Information: 0 : 19956, 1, 2024/07/23, 20:10:57.584, 6879696882980, datacollector.dll, AssemblyResolver.OnResolve: Microsoft.TestPlatform.Extensions.BlameDataCollector: Searching in: 'C:\Program Files\dotnet\sdk\8.0.300\Extensions'.
TpTrace Information: 0 : 19956, 1, 2024/07/23, 20:10:57.598, 6879697018815, datacollector.dll, AssemblyResolver.OnResolve: Microsoft.TestPlatform.Extensions.BlameDataCollector: Loading assembly 'C:\Program Files\dotnet\sdk\8.0.300\Extensions\Microsoft.TestPlatform.Extensions.BlameDataCollector.dll'.
TpTrace Information: 0 : 19956, 1, 2024/07/23, 20:10:57.599, 6879697032413, datacollector.dll, AssemblyResolver.OnResolve: Resolved assembly: Microsoft.TestPlatform.Extensions.BlameDataCollector, from path: C:\Program Files\dotnet\sdk\8.0.300\Extensions\Microsoft.TestPlatform.Extensions.BlameDataCollector.dll
TpTrace Verbose: 0 : 19956, 1, 2024/07/23, 20:10:57.607, 6879697107630, datacollector.dll, MetadataReaderExtensionsHelper: Discovering extensions inside assembly 'Microsoft.TestPlatform.Extensions.BlameDataCollector, Version=15.0.0.0, Culture=neutral, PublicKeyToken=b03f5f7f11d50a3a' file path 'C:\Program Files\dotnet\sdk\8.0.300\Extensions\Microsoft.TestPlatform.Extensions.BlameDataCollector.dll'
TpTrace Error: 0 : 19956, 1, 2024/07/23, 20:10:57.611, 6879697147508, datacollector.dll, The type "Microsoft.TestPlatform.Extensions.BlameDataCollector.BlameCollector" defined in "Microsoft.TestPlatform.Extensions.BlameDataCollector.dll" does not have ExtensionUri attribute.
TpTrace Information: 0 : 19956, 1, 2024/07/23, 20:10:57.615, 6879697185110, datacollector.dll, GetTestExtensionFromType: Register extension with identifier data 'datacollector://microsoft/TestPlatform/Extensions/Blame/v1' and type 'Microsoft.TestPlatform.Extensions.BlameDataCollector.BlameCollector, Microsoft.TestPlatform.Extensions.BlameDataCollector, Version=15.0.0.0, Culture=neutral, PublicKeyToken=b03f5f7f11d50a3a' inside file 'C:\Program Files\dotnet\sdk\8.0.300\Extensions\Microsoft.TestPlatform.Extensions.BlameDataCollector.dll'
TpTrace Information: 0 : 19956, 1, 2024/07/23, 20:10:57.615, 6879697187116, datacollector.dll, AssemblyResolver.OnResolve: Microsoft.TestPlatform.Extensions.EventLogCollector: Resolving assembly.
TpTrace Information: 0 : 19956, 1, 2024/07/23, 20:10:57.615, 6879697187903, datacollector.dll, AssemblyResolver.OnResolve: Microsoft.TestPlatform.Extensions.EventLogCollector: Searching in: 'C:\Program Files\dotnet\sdk\8.0.300\Extensions'.
TpTrace Information: 0 : 19956, 1, 2024/07/23, 20:10:57.616, 6879697197306, datacollector.dll, AssemblyResolver.OnResolve: Microsoft.TestPlatform.Extensions.EventLogCollector: Loading assembly 'C:\Program Files\dotnet\sdk\8.0.300\Extensions\Microsoft.TestPlatform.Extensions.EventLogCollector.dll'.
TpTrace Information: 0 : 19956, 1, 2024/07/23, 20:10:57.617, 6879697206079, datacollector.dll, AssemblyResolver.OnResolve: Resolved assembly: Microsoft.TestPlatform.Extensions.EventLogCollector, from path: C:\Program Files\dotnet\sdk\8.0.300\Extensions\Microsoft.TestPlatform.Extensions.EventLogCollector.dll
TpTrace Verbose: 0 : 19956, 1, 2024/07/23, 20:10:57.617, 6879697207426, datacollector.dll, MetadataReaderExtensionsHelper: Discovering extensions inside assembly 'Microsoft.TestPlatform.Extensions.EventLogCollector, Version=15.0.0.0, Culture=neutral, PublicKeyToken=b03f5f7f11d50a3a' file path 'C:\Program Files\dotnet\sdk\8.0.300\Extensions\Microsoft.TestPlatform.Extensions.EventLogCollector.dll'
TpTrace Error: 0 : 19956, 1, 2024/07/23, 20:10:57.621, 6879697252136, datacollector.dll, The type "Microsoft.TestPlatform.Extensions.EventLogCollector.EventLogDataCollector" defined in "Microsoft.TestPlatform.Extensions.EventLogCollector.dll" does not have ExtensionUri attribute.
TpTrace Information: 0 : 19956, 1, 2024/07/23, 20:10:57.622, 6879697255432, datacollector.dll, GetTestExtensionFromType: Register extension with identifier data 'datacollector://microsoft/EventLog/2.0' and type 'Microsoft.TestPlatform.Extensions.EventLogCollector.EventLogDataCollector, Microsoft.TestPlatform.Extensions.EventLogCollector, Version=15.0.0.0, Culture=neutral, PublicKeyToken=b03f5f7f11d50a3a' inside file 'C:\Program Files\dotnet\sdk\8.0.300\Extensions\Microsoft.TestPlatform.Extensions.EventLogCollector.dll'
TpTrace Verbose: 0 : 19956, 1, 2024/07/23, 20:10:57.622, 6879697259128, datacollector.dll, TestPluginCache: Discovered the extensions using extension path 'C:\Program Files\dotnet\sdk\8.0.300\Extensions\Microsoft.TestPlatform.Extensions.BlameDataCollector.dll,C:\Program Files\dotnet\sdk\8.0.300\Extensions\Microsoft.TestPlatform.Extensions.EventLogCollector.dll'.
TpTrace Verbose: 0 : 19956, 1, 2024/07/23, 20:10:57.622, 6879697260077, datacollector.dll, TestPluginCache: Discoverers are ''.
TpTrace Verbose: 0 : 19956, 1, 2024/07/23, 20:10:57.622, 6879697260690, datacollector.dll, TestPluginCache: Executors are ''.
TpTrace Verbose: 0 : 19956, 1, 2024/07/23, 20:10:57.622, 6879697261315, datacollector.dll, TestPluginCache: Executors2 are ''.
TpTrace Verbose: 0 : 19956, 1, 2024/07/23, 20:10:57.622, 6879697261925, datacollector.dll, TestPluginCache: Setting providers are ''.
TpTrace Verbose: 0 : 19956, 1, 2024/07/23, 20:10:57.622, 6879697262565, datacollector.dll, TestPluginCache: Loggers are ''.
TpTrace Verbose: 0 : 19956, 1, 2024/07/23, 20:10:57.622, 6879697263145, datacollector.dll, TestPluginCache: TestHosts are ''.
TpTrace Verbose: 0 : 19956, 1, 2024/07/23, 20:10:57.623, 6879697265958, datacollector.dll, TestPluginCache: DataCollectors are 'datacollector://microsoft/TestPlatform/Extensions/Blame/v1,datacollector://microsoft/EventLog/2.0'.
TpTrace Information: 0 : 19956, 1, 2024/07/23, 20:10:57.625, 6879697293075, datacollector.dll, TestPluginManager.CreateTestExtension: Attempting to load test extension: Microsoft.TestPlatform.Extensions.BlameDataCollector.BlameCollector
TpTrace Information: 0 : 19956, 1, 2024/07/23, 20:10:57.631, 6879697346639, datacollector.dll, [MonitorPostmortemDump]Monitor enabled: 'False'
TpTrace Verbose: 0 : 19956, 1, 2024/07/23, 20:10:57.632, 6879697357140, datacollector.dll, MulticastDelegateUtilities.SafeInvoke: DataCollectionEvents.SessionStart: Invoking callbacks was skipped because there are no subscribers.
TpTrace Information: 0 : 19956, 1, 2024/07/23, 20:10:57.633, 6879697364725, datacollector.dll, Listening on Endpoint : 127.0.0.1:58559
TpTrace Information: 0 : 19956, 1, 2024/07/23, 20:10:57.643, 6879697472837, datacollector.dll, DataCollectionRequestHandler.ProcessRequests : DataCollection started.
TpTrace Information: 0 : 19956, 1, 2024/07/23, 20:10:57.663, 6879697669399, datacollector.dll, DataCollectionRequestHandler.ProcessRequests: Datacollector received message: (DataCollection.TestHostLaunched) -> {"MessageType":"DataCollection.TestHostLaunched","Payload":{"ProcessId":5108}}
TpTrace Verbose: 0 : 19956, 1, 2024/07/23, 20:10:57.667, 6879697704812, datacollector.dll, MulticastDelegateUtilities.SafeInvoke: DataCollectionEvents.TestHostLaunched: Invoking callback 1/1 for Microsoft.TestPlatform.Extensions.BlameDataCollector.BlameCollector., took 0 ms.
TpTrace Information: 0 : 19956, 7, 2024/07/23, 20:10:57.973, 6879700769089, datacollector.dll, Using the buffer size of 16384 bytes
TpTrace Verbose: 0 : 19956, 6, 2024/07/23, 20:10:57.973, 6879700769436, datacollector.dll, SocketCommunicationManager.WaitForClientConnection took: 336 ms, with 90000 ms timeout, and finished with True.
TpTrace Information: 0 : 19956, 7, 2024/07/23, 20:10:57.973, 6879700771172, datacollector.dll, Accepted Client request and set the flag
TpTrace Information: 0 : 19956, 6, 2024/07/23, 20:11:02.341, 6879744445823, datacollector.dll, DataCollectionTestCaseEventHandler: Test case starting.
TpTrace Information: 0 : 19956, 6, 2024/07/23, 20:11:02.378, 6879744819297, datacollector.dll, BlameCollector.EventsTestCaseStart: Test Case Start
TpTrace Verbose: 0 : 19956, 6, 2024/07/23, 20:11:02.379, 6879744824673, datacollector.dll, MulticastDelegateUtilities.SafeInvoke: DataCollectionEvents.TestCaseStart: Invoking callback 1/1 for Microsoft.TestPlatform.Extensions.BlameDataCollector.BlameCollector., took 0 ms.
TpTrace Information: 0 : 19956, 6, 2024/07/23, 20:11:02.379, 6879744832628, datacollector.dll, DataCollectionTestCaseEventHandler: Test case 'Test_AddStudentPage_Links - f8bf5297-9305-386c-eed3-04a600676a63' started.
TpTrace Information: 0 : 19956, 6, 2024/07/23, 20:11:03.677, 6879757807344, datacollector.dll, DataCollectionTestCaseEventHandler: Test case completing.
TpTrace Information: 0 : 19956, 6, 2024/07/23, 20:11:03.686, 6879757894764, datacollector.dll, BlameCollector.EventsTestCaseEnd: Test Case End
TpTrace Verbose: 0 : 19956, 6, 2024/07/23, 20:11:03.687, 6879757906954, datacollector.dll, MulticastDelegateUtilities.SafeInvoke: DataCollectionEvents.TestCaseEnd: Invoking callback 1/1 for Microsoft.TestPlatform.Extensions.BlameDataCollector.BlameCollector., took 1 ms.
TpTrace Information: 0 : 19956, 6, 2024/07/23, 20:11:03.692, 6879757960551, datacollector.dll, DataCollectionTestCaseEventHandler: Test case 'Test_AddStudentPage_Links - f8bf5297-9305-386c-eed3-04a600676a63' completed
TpTrace Information: 0 : 19956, 6, 2024/07/23, 20:11:03.705, 6879758091380, datacollector.dll, DataCollectionTestCaseEventHandler: Test case starting.
TpTrace Information: 0 : 19956, 6, 2024/07/23, 20:11:03.707, 6879758112617, datacollector.dll, BlameCollector.EventsTestCaseStart: Test Case Start
TpTrace Verbose: 0 : 19956, 6, 2024/07/23, 20:11:03.708, 6879758115688, datacollector.dll, MulticastDelegateUtilities.SafeInvoke: DataCollectionEvents.TestCaseStart: Invoking callback 1/1 for Microsoft.TestPlatform.Extensions.BlameDataCollector.BlameCollector., took 0 ms.
TpTrace Information: 0 : 19956, 6, 2024/07/23, 20:11:03.708, 6879758119343, datacollector.dll, DataCollectionTestCaseEventHandler: Test case 'Test_AddStudentsPage_AddInvalidStudent - 1128178a-44f9-d579-be93-9c7a62c78936' started.
TpTrace Information: 0 : 19956, 6, 2024/07/23, 20:11:04.720, 6879768238118, datacollector.dll, DataCollectionTestCaseEventHandler: Test case completing.
TpTrace Information: 0 : 19956, 6, 2024/07/23, 20:11:04.721, 6879768248046, datacollector.dll, BlameCollector.EventsTestCaseEnd: Test Case End
TpTrace Verbose: 0 : 19956, 6, 2024/07/23, 20:11:04.721, 6879768250622, datacollector.dll, MulticastDelegateUtilities.SafeInvoke: DataCollectionEvents.TestCaseEnd: Invoking callback 1/1 for Microsoft.TestPlatform.Extensions.BlameDataCollector.BlameCollector., took 0 ms.
TpTrace Information: 0 : 19956, 6, 2024/07/23, 20:11:04.722, 6879768254484, datacollector.dll, DataCollectionTestCaseEventHandler: Test case 'Test_AddStudentsPage_AddInvalidStudent - 1128178a-44f9-d579-be93-9c7a62c78936' completed
TpTrace Information: 0 : 19956, 6, 2024/07/23, 20:11:04.723, 6879768269492, datacollector.dll, DataCollectionTestCaseEventHandler: Test case starting.
TpTrace Information: 0 : 19956, 6, 2024/07/23, 20:11:04.724, 6879768276011, datacollector.dll, BlameCollector.EventsTestCaseStart: Test Case Start
TpTrace Verbose: 0 : 19956, 6, 2024/07/23, 20:11:04.724, 6879768277774, datacollector.dll, MulticastDelegateUtilities.SafeInvoke: DataCollectionEvents.TestCaseStart: Invoking callback 1/1 for Microsoft.TestPlatform.Extensions.BlameDataCollector.BlameCollector., took 0 ms.
TpTrace Information: 0 : 19956, 6, 2024/07/23, 20:11:04.724, 6879768280647, datacollector.dll, DataCollectionTestCaseEventHandler: Test case 'Test_AddStudentsPage_AddValidStudent - 7e134629-842b-4f25-de72-04173a4d0503' started.
TpTrace Information: 0 : 19956, 6, 2024/07/23, 20:11:08.725, 6879808288747, datacollector.dll, DataCollectionTestCaseEventHandler: Test case completing.
TpTrace Information: 0 : 19956, 6, 2024/07/23, 20:11:08.726, 6879808301900, datacollector.dll, BlameCollector.EventsTestCaseEnd: Test Case End
TpTrace Verbose: 0 : 19956, 6, 2024/07/23, 20:11:08.726, 6879808304144, datacollector.dll, MulticastDelegateUtilities.SafeInvoke: DataCollectionEvents.TestCaseEnd: Invoking callback 1/1 for Microsoft.TestPlatform.Extensions.BlameDataCollector.BlameCollector., took 0 ms.
TpTrace Information: 0 : 19956, 6, 2024/07/23, 20:11:08.727, 6879808306956, datacollector.dll, DataCollectionTestCaseEventHandler: Test case 'Test_AddStudentsPage_AddValidStudent - 7e134629-842b-4f25-de72-04173a4d0503' completed
TpTrace Information: 0 : 19956, 6, 2024/07/23, 20:11:08.729, 6879808332373, datacollector.dll, DataCollectionTestCaseEventHandler: Test case starting.
TpTrace Information: 0 : 19956, 6, 2024/07/23, 20:11:08.730, 6879808340685, datacollector.dll, BlameCollector.EventsTestCaseStart: Test Case Start
TpTrace Verbose: 0 : 19956, 6, 2024/07/23, 20:11:08.731, 6879808347229, datacollector.dll, MulticastDelegateUtilities.SafeInvoke: DataCollectionEvents.TestCaseStart: Invoking callback 1/1 for Microsoft.TestPlatform.Extensions.BlameDataCollector.BlameCollector., took 0 ms.
TpTrace Information: 0 : 19956, 6, 2024/07/23, 20:11:08.731, 6879808351563, datacollector.dll, DataCollectionTestCaseEventHandler: Test case 'Test_AddStudentsPage_Content - c6d7a602-d767-2d57-68fb-d1d4a350491f' started.
TpTrace Information: 0 : 19956, 6, 2024/07/23, 20:11:08.982, 6879810862127, datacollector.dll, DataCollectionTestCaseEventHandler: Test case completing.
TpTrace Information: 0 : 19956, 6, 2024/07/23, 20:11:08.983, 6879810869288, datacollector.dll, BlameCollector.EventsTestCaseEnd: Test Case End
TpTrace Verbose: 0 : 19956, 6, 2024/07/23, 20:11:08.983, 6879810871140, datacollector.dll, MulticastDelegateUtilities.SafeInvoke: DataCollectionEvents.TestCaseEnd: Invoking callback 1/1 for Microsoft.TestPlatform.Extensions.BlameDataCollector.BlameCollector., took 0 ms.
TpTrace Information: 0 : 19956, 6, 2024/07/23, 20:11:08.983, 6879810874102, datacollector.dll, DataCollectionTestCaseEventHandler: Test case 'Test_AddStudentsPage_Content - c6d7a602-d767-2d57-68fb-d1d4a350491f' completed
TpTrace Information: 0 : 19956, 6, 2024/07/23, 20:11:12.023, 6879841272218, datacollector.dll, DataCollectionTestCaseEventHandler: Test case starting.
TpTrace Information: 0 : 19956, 6, 2024/07/23, 20:11:12.024, 6879841281655, datacollector.dll, BlameCollector.EventsTestCaseStart: Test Case Start
TpTrace Verbose: 0 : 19956, 6, 2024/07/23, 20:11:12.025, 6879841287557, datacollector.dll, MulticastDelegateUtilities.SafeInvoke: DataCollectionEvents.TestCaseStart: Invoking callback 1/1 for Microsoft.TestPlatform.Extensions.BlameDataCollector.BlameCollector., took 0 ms.
TpTrace Information: 0 : 19956, 6, 2024/07/23, 20:11:12.028, 6879841321122, datacollector.dll, DataCollectionTestCaseEventHandler: Test case 'Test_HomePage_Content - 9b8e0cb7-473d-9e61-d045-3c7e37008bf5' started.
TpTrace Information: 0 : 19956, 6, 2024/07/23, 20:11:12.232, 6879843355134, datacollector.dll, DataCollectionTestCaseEventHandler: Test case completing.
TpTrace Information: 0 : 19956, 6, 2024/07/23, 20:11:12.232, 6879843360963, datacollector.dll, BlameCollector.EventsTestCaseEnd: Test Case End
TpTrace Verbose: 0 : 19956, 6, 2024/07/23, 20:11:12.232, 6879843362325, datacollector.dll, MulticastDelegateUtilities.SafeInvoke: DataCollectionEvents.TestCaseEnd: Invoking callback 1/1 for Microsoft.TestPlatform.Extensions.BlameDataCollector.BlameCollector., took 0 ms.
TpTrace Information: 0 : 19956, 6, 2024/07/23, 20:11:12.233, 6879843364726, datacollector.dll, DataCollectionTestCaseEventHandler: Test case 'Test_HomePage_Content - 9b8e0cb7-473d-9e61-d045-3c7e37008bf5' completed
TpTrace Information: 0 : 19956, 6, 2024/07/23, 20:11:12.234, 6879843375178, datacollector.dll, DataCollectionTestCaseEventHandler: Test case starting.
TpTrace Information: 0 : 19956, 6, 2024/07/23, 20:11:12.234, 6879843382886, datacollector.dll, BlameCollector.EventsTestCaseStart: Test Case Start
TpTrace Verbose: 0 : 19956, 6, 2024/07/23, 20:11:12.235, 6879843384594, datacollector.dll, MulticastDelegateUtilities.SafeInvoke: DataCollectionEvents.TestCaseStart: Invoking callback 1/1 for Microsoft.TestPlatform.Extensions.BlameDataCollector.BlameCollector., took 0 ms.
TpTrace Information: 0 : 19956, 6, 2024/07/23, 20:11:12.235, 6879843387873, datacollector.dll, DataCollectionTestCaseEventHandler: Test case 'Test_HomePage_Links - 19d8579b-451d-5c1d-1df7-d652f7f5ded0' started.
TpTrace Information: 0 : 19956, 6, 2024/07/23, 20:11:13.247, 6879853513167, datacollector.dll, DataCollectionTestCaseEventHandler: Test case completing.
TpTrace Information: 0 : 19956, 6, 2024/07/23, 20:11:13.249, 6879853526886, datacollector.dll, BlameCollector.EventsTestCaseEnd: Test Case End
TpTrace Verbose: 0 : 19956, 6, 2024/07/23, 20:11:13.249, 6879853529393, datacollector.dll, MulticastDelegateUtilities.SafeInvoke: DataCollectionEvents.TestCaseEnd: Invoking callback 1/1 for Microsoft.TestPlatform.Extensions.BlameDataCollector.BlameCollector., took 0 ms.
TpTrace Information: 0 : 19956, 6, 2024/07/23, 20:11:13.250, 6879853536914, datacollector.dll, DataCollectionTestCaseEventHandler: Test case 'Test_HomePage_Links - 19d8579b-451d-5c1d-1df7-d652f7f5ded0' completed
TpTrace Information: 0 : 19956, 6, 2024/07/23, 20:11:16.030, 6879881334344, datacollector.dll, DataCollectionTestCaseEventHandler: Test case starting.
TpTrace Information: 0 : 19956, 6, 2024/07/23, 20:11:16.030, 6879881341333, datacollector.dll, BlameCollector.EventsTestCaseStart: Test Case Start
TpTrace Verbose: 0 : 19956, 6, 2024/07/23, 20:11:16.030, 6879881343537, datacollector.dll, MulticastDelegateUtilities.SafeInvoke: DataCollectionEvents.TestCaseStart: Invoking callback 1/1 for Microsoft.TestPlatform.Extensions.BlameDataCollector.BlameCollector., took 0 ms.
TpTrace Information: 0 : 19956, 6, 2024/07/23, 20:11:16.031, 6879881353948, datacollector.dll, DataCollectionTestCaseEventHandler: Test case 'Test_ViewStudentsPage_Content - 1990a9d4-8ba9-4dc6-42b4-d753e96c82bd' started.
TpTrace Information: 0 : 19956, 6, 2024/07/23, 20:11:19.769, 6879918728491, datacollector.dll, DataCollectionTestCaseEventHandler: Test case completing.
TpTrace Information: 0 : 19956, 6, 2024/07/23, 20:11:19.770, 6879918735270, datacollector.dll, BlameCollector.EventsTestCaseEnd: Test Case End
TpTrace Verbose: 0 : 19956, 6, 2024/07/23, 20:11:19.770, 6879918736658, datacollector.dll, MulticastDelegateUtilities.SafeInvoke: DataCollectionEvents.TestCaseEnd: Invoking callback 1/1 for Microsoft.TestPlatform.Extensions.BlameDataCollector.BlameCollector., took 0 ms.
TpTrace Information: 0 : 19956, 6, 2024/07/23, 20:11:19.770, 6879918739366, datacollector.dll, DataCollectionTestCaseEventHandler: Test case 'Test_ViewStudentsPage_Content - 1990a9d4-8ba9-4dc6-42b4-d753e96c82bd' completed
TpTrace Information: 0 : 19956, 6, 2024/07/23, 20:11:19.772, 6879918762360, datacollector.dll, DataCollectionTestCaseEventHandler: Test case starting.
TpTrace Information: 0 : 19956, 6, 2024/07/23, 20:11:19.773, 6879918768477, datacollector.dll, BlameCollector.EventsTestCaseStart: Test Case Start
TpTrace Verbose: 0 : 19956, 6, 2024/07/23, 20:11:19.773, 6879918769966, datacollector.dll, MulticastDelegateUtilities.SafeInvoke: DataCollectionEvents.TestCaseStart: Invoking callback 1/1 for Microsoft.TestPlatform.Extensions.BlameDataCollector.BlameCollector., took 0 ms.
TpTrace Information: 0 : 19956, 6, 2024/07/23, 20:11:19.773, 6879918772870, datacollector.dll, DataCollectionTestCaseEventHandler: Test case 'Test_ViewStudentsPage_Links - d9731ce4-1eee-3a04-abc5-839b8203309a' started.
TpTrace Information: 0 : 19956, 6, 2024/07/23, 20:11:20.849, 6879929525723, datacollector.dll, DataCollectionTestCaseEventHandler: Test case completing.
TpTrace Information: 0 : 19956, 6, 2024/07/23, 20:11:20.849, 6879929532789, datacollector.dll, BlameCollector.EventsTestCaseEnd: Test Case End
TpTrace Verbose: 0 : 19956, 6, 2024/07/23, 20:11:20.850, 6879929534991, datacollector.dll, MulticastDelegateUtilities.SafeInvoke: DataCollectionEvents.TestCaseEnd: Invoking callback 1/1 for Microsoft.TestPlatform.Extensions.BlameDataCollector.BlameCollector., took 0 ms.
TpTrace Information: 0 : 19956, 6, 2024/07/23, 20:11:20.850, 6879929539174, datacollector.dll, DataCollectionTestCaseEventHandler: Test case 'Test_ViewStudentsPage_Links - d9731ce4-1eee-3a04-abc5-839b8203309a' completed
TpTrace Information: 0 : 19956, 6, 2024/07/23, 20:11:21.096, 6879931995726, datacollector.dll, DataCollectionTestCaseEventHandler: Test session ended
TpTrace Information: 0 : 19956, 1, 2024/07/23, 20:11:21.180, 6879932841106, datacollector.dll, DataCollectionRequestHandler.ProcessRequests: Datacollector received message: (DataCollection.AfterTestRunEnd) -> {"MessageType":"DataCollection.AfterTestRunEnd","Payload":false}
TpTrace Information: 0 : 19956, 1, 2024/07/23, 20:11:21.182, 6879932859162, datacollector.dll, Blame Collector: Session End
TpTrace Information: 0 : 19956, 1, 2024/07/23, 20:11:21.182, 6879932860058, datacollector.dll, BlameCollector.CollectDumpAndAbortTesthost: Custom path to dump directory was provided via VSTEST_DUMP_PATH. Skipping attachment upload, the caller is responsible for collecting and uploading the dumps themselves.
TpTrace Verbose: 0 : 19956, 1, 2024/07/23, 20:11:21.182, 6879932861103, datacollector.dll, MulticastDelegateUtilities.SafeInvoke: DataCollectionEvents.SessionEnd: Invoking callback 1/1 for Microsoft.TestPlatform.Extensions.BlameDataCollector.BlameCollector., took 0 ms.
TpTrace Information: 0 : 19956, 1, 2024/07/23, 20:11:21.183, 6879932869767, datacollector.dll, DataCollectionManager.CleanupPlugins: CleanupPlugins called
TpTrace Verbose: 0 : 19956, 1, 2024/07/23, 20:11:21.183, 6879932870555, datacollector.dll, DataCollectionManager.CleanupPlugins: Cleaning up 1 plugins
TpTrace Verbose: 0 : 19956, 1, 2024/07/23, 20:11:21.183, 6879932871762, datacollector.dll, dataCollectorInfo.DisposeDataCollector: calling Dispose() on Microsoft.TestPlatform.Extensions.BlameDataCollector.BlameCollector
TpTrace Information: 0 : 19956, 1, 2024/07/23, 20:11:21.183, 6879932872724, datacollector.dll, DataCollectionManager.CleanupPlugins: CleanupPlugins finished
TpTrace Information: 0 : 19956, 1, 2024/07/23, 20:11:21.190, 6879932937518, datacollector.dll, DataCollectionRequestHandler.ProcessRequests : Session End message received from server. Closing the connection.
TpTrace Information: 0 : 19956, 1, 2024/07/23, 20:11:21.190, 6879932940278, datacollector.dll, Closing the connection !
TpTrace Information: 0 : 19956, 1, 2024/07/23, 20:11:21.190, 6879932940840, datacollector.dll, DataCollectionRequestHandler.ProcessRequests : DataCollection completed
TpTrace Information: 0 : 19956, 1, 2024/07/23, 20:11:21.190, 6879932941237, datacollector.dll, Program.Main: exiting datacollector process.
